;  LST file generated by mikroListExporter - v.2.0 
; Date/Time: 1/24/2016 2:09:09 PM
;----------------------------------------------

;Address Opcode 	ASM
0x0000	0x29A0      	GOTO       416
_Delay_1us:
;__Lib_Delays.c,7 :: 		void Delay_1us() {
;__Lib_Delays.c,8 :: 		Delay_us(1);
0x0003	0x0000      	NOP
;__Lib_Delays.c,9 :: 		}
L_end_Delay_1us:
0x0004	0x0008      	RETURN
; end of _Delay_1us
_Delay_50us:
;__Lib_Delays.c,19 :: 		void Delay_50us() {
;__Lib_Delays.c,20 :: 		Delay_us(50);
0x0005	0x3010      	MOVLW      16
0x0006	0x1283      	BCF        STATUS, 5
0x0007	0x1303      	BCF        STATUS, 6
0x0008	0x00FD      	MOVWF      R13
L_Delay_50us2:
0x0009	0x0BFD      	DECFSZ     R13, 1
0x000A	0x2809      	GOTO       L_Delay_50us2
0x000B	0x0000      	NOP
;__Lib_Delays.c,21 :: 		}
L_end_Delay_50us:
0x000C	0x0008      	RETURN
; end of _Delay_50us
_Delay_5500us:
;__Lib_Delays.c,31 :: 		void Delay_5500us() {
;__Lib_Delays.c,32 :: 		Delay_us(5500);
0x000D	0x3008      	MOVLW      8
0x000E	0x1283      	BCF        STATUS, 5
0x000F	0x1303      	BCF        STATUS, 6
0x0010	0x00FC      	MOVWF      R12
0x0011	0x3023      	MOVLW      35
0x0012	0x00FD      	MOVWF      R13
L_Delay_5500us5:
0x0013	0x0BFD      	DECFSZ     R13, 1
0x0014	0x2813      	GOTO       L_Delay_5500us5
0x0015	0x0BFC      	DECFSZ     R12, 1
0x0016	0x2813      	GOTO       L_Delay_5500us5
;__Lib_Delays.c,33 :: 		}
L_end_Delay_5500us:
0x0017	0x0008      	RETURN
; end of _Delay_5500us
_Lcd_Cmd:
;__Lib_Lcd.c,18 :: 		
;__Lib_Lcd.c,20 :: 		
0x0018	0x1683      	BSF        STATUS, 5
0x0019	0x1303      	BCF        STATUS, 6
0x001A	0x1BEB      	BTFSC      FARG_Lcd_Cmd_out_char, 7
0x001B	0x281F      	GOTO       L__Lcd_Cmd21
0x001C	0x1283      	BCF        STATUS, 5
0x001D	0x1386      	BCF        LCD_D7, BitPos(LCD_D7+0)
0x001E	0x2821      	GOTO       L__Lcd_Cmd22
L__Lcd_Cmd21:
0x001F	0x1283      	BCF        STATUS, 5
0x0020	0x1786      	BSF        LCD_D7, BitPos(LCD_D7+0)
L__Lcd_Cmd22:
;__Lib_Lcd.c,21 :: 		
0x0021	0x1683      	BSF        STATUS, 5
0x0022	0x1B6B      	BTFSC      FARG_Lcd_Cmd_out_char, 6
0x0023	0x2827      	GOTO       L__Lcd_Cmd23
0x0024	0x1283      	BCF        STATUS, 5
0x0025	0x1306      	BCF        LCD_D6, BitPos(LCD_D6+0)
0x0026	0x2829      	GOTO       L__Lcd_Cmd24
L__Lcd_Cmd23:
0x0027	0x1283      	BCF        STATUS, 5
0x0028	0x1706      	BSF        LCD_D6, BitPos(LCD_D6+0)
L__Lcd_Cmd24:
;__Lib_Lcd.c,22 :: 		
0x0029	0x1683      	BSF        STATUS, 5
0x002A	0x1AEB      	BTFSC      FARG_Lcd_Cmd_out_char, 5
0x002B	0x282F      	GOTO       L__Lcd_Cmd25
0x002C	0x1283      	BCF        STATUS, 5
0x002D	0x1286      	BCF        LCD_D5, BitPos(LCD_D5+0)
0x002E	0x2831      	GOTO       L__Lcd_Cmd26
L__Lcd_Cmd25:
0x002F	0x1283      	BCF        STATUS, 5
0x0030	0x1686      	BSF        LCD_D5, BitPos(LCD_D5+0)
L__Lcd_Cmd26:
;__Lib_Lcd.c,23 :: 		
0x0031	0x1683      	BSF        STATUS, 5
0x0032	0x1A6B      	BTFSC      FARG_Lcd_Cmd_out_char, 4
0x0033	0x2837      	GOTO       L__Lcd_Cmd27
0x0034	0x1283      	BCF        STATUS, 5
0x0035	0x1206      	BCF        LCD_D4, BitPos(LCD_D4+0)
0x0036	0x2839      	GOTO       L__Lcd_Cmd28
L__Lcd_Cmd27:
0x0037	0x1283      	BCF        STATUS, 5
0x0038	0x1606      	BSF        LCD_D4, BitPos(LCD_D4+0)
L__Lcd_Cmd28:
;__Lib_Lcd.c,25 :: 		
0x0039	0x1868      	BTFSC      __Lib_Lcd_cmd_status, BitPos(__Lib_Lcd_cmd_status+0)
0x003A	0x283D      	GOTO       L__Lcd_Cmd29
0x003B	0x1506      	BSF        LCD_RS, BitPos(LCD_RS+0)
0x003C	0x283E      	GOTO       L__Lcd_Cmd30
L__Lcd_Cmd29:
0x003D	0x1106      	BCF        LCD_RS, BitPos(LCD_RS+0)
L__Lcd_Cmd30:
;__Lib_Lcd.c,28 :: 		
0x003E	0x1586      	BSF        LCD_EN, BitPos(LCD_EN+0)
;__Lib_Lcd.c,29 :: 		
0x003F	0x2003      	CALL       _Delay_1us
;__Lib_Lcd.c,30 :: 		
0x0040	0x1186      	BCF        LCD_EN, BitPos(LCD_EN+0)
;__Lib_Lcd.c,33 :: 		
0x0041	0x1683      	BSF        STATUS, 5
0x0042	0x19EB      	BTFSC      FARG_Lcd_Cmd_out_char, 3
0x0043	0x2847      	GOTO       L__Lcd_Cmd31
0x0044	0x1283      	BCF        STATUS, 5
0x0045	0x1386      	BCF        LCD_D7, BitPos(LCD_D7+0)
0x0046	0x2849      	GOTO       L__Lcd_Cmd32
L__Lcd_Cmd31:
0x0047	0x1283      	BCF        STATUS, 5
0x0048	0x1786      	BSF        LCD_D7, BitPos(LCD_D7+0)
L__Lcd_Cmd32:
;__Lib_Lcd.c,34 :: 		
0x0049	0x1683      	BSF        STATUS, 5
0x004A	0x196B      	BTFSC      FARG_Lcd_Cmd_out_char, 2
0x004B	0x284F      	GOTO       L__Lcd_Cmd33
0x004C	0x1283      	BCF        STATUS, 5
0x004D	0x1306      	BCF        LCD_D6, BitPos(LCD_D6+0)
0x004E	0x2851      	GOTO       L__Lcd_Cmd34
L__Lcd_Cmd33:
0x004F	0x1283      	BCF        STATUS, 5
0x0050	0x1706      	BSF        LCD_D6, BitPos(LCD_D6+0)
L__Lcd_Cmd34:
;__Lib_Lcd.c,35 :: 		
0x0051	0x1683      	BSF        STATUS, 5
0x0052	0x18EB      	BTFSC      FARG_Lcd_Cmd_out_char, 1
0x0053	0x2857      	GOTO       L__Lcd_Cmd35
0x0054	0x1283      	BCF        STATUS, 5
0x0055	0x1286      	BCF        LCD_D5, BitPos(LCD_D5+0)
0x0056	0x2859      	GOTO       L__Lcd_Cmd36
L__Lcd_Cmd35:
0x0057	0x1283      	BCF        STATUS, 5
0x0058	0x1686      	BSF        LCD_D5, BitPos(LCD_D5+0)
L__Lcd_Cmd36:
;__Lib_Lcd.c,36 :: 		
0x0059	0x1683      	BSF        STATUS, 5
0x005A	0x186B      	BTFSC      FARG_Lcd_Cmd_out_char, 0
0x005B	0x285F      	GOTO       L__Lcd_Cmd37
0x005C	0x1283      	BCF        STATUS, 5
0x005D	0x1206      	BCF        LCD_D4, BitPos(LCD_D4+0)
0x005E	0x2861      	GOTO       L__Lcd_Cmd38
L__Lcd_Cmd37:
0x005F	0x1283      	BCF        STATUS, 5
0x0060	0x1606      	BSF        LCD_D4, BitPos(LCD_D4+0)
L__Lcd_Cmd38:
;__Lib_Lcd.c,38 :: 		
0x0061	0x1868      	BTFSC      __Lib_Lcd_cmd_status, BitPos(__Lib_Lcd_cmd_status+0)
0x0062	0x2865      	GOTO       L__Lcd_Cmd39
0x0063	0x1506      	BSF        LCD_RS, BitPos(LCD_RS+0)
0x0064	0x2866      	GOTO       L__Lcd_Cmd40
L__Lcd_Cmd39:
0x0065	0x1106      	BCF        LCD_RS, BitPos(LCD_RS+0)
L__Lcd_Cmd40:
;__Lib_Lcd.c,40 :: 		
0x0066	0x1586      	BSF        LCD_EN, BitPos(LCD_EN+0)
;__Lib_Lcd.c,41 :: 		
0x0067	0x2003      	CALL       _Delay_1us
;__Lib_Lcd.c,42 :: 		
0x0068	0x1186      	BCF        LCD_EN, BitPos(LCD_EN+0)
;__Lib_Lcd.c,44 :: 		
0x0069	0x1C68      	BTFSS      __Lib_Lcd_cmd_status, BitPos(__Lib_Lcd_cmd_status+0)
0x006A	0x286D      	GOTO       L_Lcd_Cmd0
;__Lib_Lcd.c,45 :: 		
0x006B	0x200D      	CALL       _Delay_5500us
0x006C	0x286E      	GOTO       L_Lcd_Cmd1
L_Lcd_Cmd0:
;__Lib_Lcd.c,47 :: 		
0x006D	0x2005      	CALL       _Delay_50us
L_Lcd_Cmd1:
;__Lib_Lcd.c,48 :: 		
L_end_Lcd_Cmd:
0x006E	0x0008      	RETURN
; end of _Lcd_Cmd
_Delay_10us:
;__Lib_Delays.c,11 :: 		void Delay_10us() {
;__Lib_Delays.c,12 :: 		Delay_us(10);
0x006F	0x3003      	MOVLW      3
0x0070	0x1283      	BCF        STATUS, 5
0x0071	0x1303      	BCF        STATUS, 6
0x0072	0x00FD      	MOVWF      R13
L_Delay_10us0:
0x0073	0x0BFD      	DECFSZ     R13, 1
0x0074	0x2873      	GOTO       L_Delay_10us0
;__Lib_Delays.c,13 :: 		}
L_end_Delay_10us:
0x0075	0x0008      	RETURN
; end of _Delay_10us
_Lcd_Chr_CP:
;__Lib_Lcd.c,50 :: 		
;__Lib_Lcd.c,52 :: 		
0x0076	0x1283      	BCF        STATUS, 5
0x0077	0x1303      	BCF        STATUS, 6
0x0078	0x1068      	BCF        __Lib_Lcd_cmd_status, BitPos(__Lib_Lcd_cmd_status+0)
;__Lib_Lcd.c,53 :: 		
0x0079	0x1683      	BSF        STATUS, 5
0x007A	0x0866      	MOVF       FARG_Lcd_Chr_CP_out_char, 0
0x007B	0x00EB      	MOVWF      FARG_Lcd_Cmd_out_char
0x007C	0x2018      	CALL       _Lcd_Cmd
;__Lib_Lcd.c,54 :: 		
0x007D	0x1468      	BSF        __Lib_Lcd_cmd_status, BitPos(__Lib_Lcd_cmd_status+0)
;__Lib_Lcd.c,55 :: 		
L_end_Lcd_Chr_CP:
0x007E	0x0008      	RETURN
; end of _Lcd_Chr_CP
_____DoICP:
;__Lib_System.c,6 :: 		
;__Lib_System.c,9 :: 		
0x007F	0x1283      	BCF        STATUS, 5
0x0080	0x1303      	BCF        STATUS, 6
0x0081	0x0867      	MOVF       ___DoICPAddr+1, 0
0x0082	0x008A      	MOVWF      PCLATH
;__Lib_System.c,10 :: 		
0x0083	0x0866      	MOVF       ___DoICPAddr, 0
0x0084	0x0082      	MOVWF      PCL
;__Lib_System.c,12 :: 		
L_end_____DoICP:
0x0085	0x0008      	RETURN
; end of _____DoICP
_Keypad_Key_Press:
;__Lib_Keypad4x4.c,38 :: 		
;__Lib_Keypad4x4.c,42 :: 		
0x0086	0x1683      	BSF        STATUS, 5
0x0087	0x1303      	BCF        STATUS, 6
0x0088	0x01E6      	CLRF       Keypad_Key_Press_rslt_L0
;__Lib_Keypad4x4.c,43 :: 		
0x0089	0x01E8      	CLRF       Keypad_Key_Press_loc_L0
;__Lib_Keypad4x4.c,44 :: 		
0x008A	0x01E9      	CLRF       Keypad_Key_Press_rowcnt_L0
;__Lib_Keypad4x4.c,45 :: 		
0x008B	0x3010      	MOVLW      16
0x008C	0x00EA      	MOVWF      Keypad_Key_Press_shifter_L0
;__Lib_Keypad4x4.c,47 :: 		
L_Keypad_Key_Press0:
0x008D	0x3004      	MOVLW      4
0x008E	0x0269      	SUBWF      Keypad_Key_Press_rowcnt_L0, 0
0x008F	0x1803      	BTFSC      STATUS, 0
0x0090	0x28B4      	GOTO       L_Keypad_Key_Press1
;__Lib_Keypad4x4.c,49 :: 		
0x0091	0x30F0      	MOVLW      240
0x0092	0x1283      	BCF        STATUS, 5
0x0093	0x0088      	MOVWF      keypadPort
;__Lib_Keypad4x4.c,50 :: 		
0x0094	0x1683      	BSF        STATUS, 5
0x0095	0x096A      	COMF       Keypad_Key_Press_shifter_L0, 0
0x0096	0x0088      	MOVWF      keypadPort+128
;__Lib_Keypad4x4.c,54 :: 		
0x0097	0x2003      	CALL       _Delay_1us
;__Lib_Keypad4x4.c,55 :: 		
0x0098	0x2003      	CALL       _Delay_1us
;__Lib_Keypad4x4.c,56 :: 		
0x0099	0x300F      	MOVLW      15
0x009A	0x1283      	BCF        STATUS, 5
0x009B	0x0508      	ANDWF      keypadPort, 0
0x009C	0x00F0      	MOVWF      R0
0x009D	0x0870      	MOVF       R0, 0
0x009E	0x1683      	BSF        STATUS, 5
0x009F	0x00E7      	MOVWF      Keypad_Key_Press_kdata_L0
;__Lib_Keypad4x4.c,57 :: 		
0x00A0	0x0870      	MOVF       R0, 0
0x00A1	0x1903      	BTFSC      STATUS, 2
0x00A2	0x28AE      	GOTO       L_Keypad_Key_Press2
;__Lib_Keypad4x4.c,59 :: 		
0x00A3	0x0868      	MOVF       Keypad_Key_Press_loc_L0, 0
0x00A4	0x00E6      	MOVWF      Keypad_Key_Press_rslt_L0
;__Lib_Keypad4x4.c,60 :: 		
L_Keypad_Key_Press3:
0x00A5	0x0867      	MOVF       Keypad_Key_Press_kdata_L0, 0
0x00A6	0x1903      	BTFSC      STATUS, 2
0x00A7	0x28AC      	GOTO       L_Keypad_Key_Press4
;__Lib_Keypad4x4.c,61 :: 		
0x00A8	0x0CE7      	RRF        Keypad_Key_Press_kdata_L0, 1
0x00A9	0x13E7      	BCF        Keypad_Key_Press_kdata_L0, 7
;__Lib_Keypad4x4.c,62 :: 		
0x00AA	0x0AE6      	INCF       Keypad_Key_Press_rslt_L0, 1
;__Lib_Keypad4x4.c,63 :: 		
0x00AB	0x28A5      	GOTO       L_Keypad_Key_Press3
L_Keypad_Key_Press4:
;__Lib_Keypad4x4.c,65 :: 		
0x00AC	0x3004      	MOVLW      4
0x00AD	0x00E9      	MOVWF      Keypad_Key_Press_rowcnt_L0
;__Lib_Keypad4x4.c,66 :: 		
L_Keypad_Key_Press2:
;__Lib_Keypad4x4.c,67 :: 		
0x00AE	0x0DEA      	RLF        Keypad_Key_Press_shifter_L0, 1
0x00AF	0x106A      	BCF        Keypad_Key_Press_shifter_L0, 0
;__Lib_Keypad4x4.c,68 :: 		
0x00B0	0x3004      	MOVLW      4
0x00B1	0x07E8      	ADDWF      Keypad_Key_Press_loc_L0, 1
;__Lib_Keypad4x4.c,69 :: 		
0x00B2	0x0AE9      	INCF       Keypad_Key_Press_rowcnt_L0, 1
;__Lib_Keypad4x4.c,70 :: 		
0x00B3	0x288D      	GOTO       L_Keypad_Key_Press0
L_Keypad_Key_Press1:
;__Lib_Keypad4x4.c,72 :: 		
0x00B4	0x0866      	MOVF       Keypad_Key_Press_rslt_L0, 0
0x00B5	0x00F0      	MOVWF      R0
;__Lib_Keypad4x4.c,73 :: 		
L_end_Keypad_Key_Press:
0x00B6	0x0008      	RETURN
; end of _Keypad_Key_Press
_Keypad_Key_Click:
;__Lib_Keypad4x4.c,76 :: 		
;__Lib_Keypad4x4.c,80 :: 		
0x00B7	0x2086      	CALL       _Keypad_Key_Press
0x00B8	0x0870      	MOVF       R0, 0
0x00B9	0x00E2      	MOVWF      Keypad_Key_Click_rslt_L0
;__Lib_Keypad4x4.c,82 :: 		
L_Keypad_Key_Click5:
0x00BA	0x300F      	MOVLW      15
0x00BB	0x1283      	BCF        STATUS, 5
0x00BC	0x0508      	ANDWF      keypadPort, 0
0x00BD	0x00F0      	MOVWF      R0
0x00BE	0x1903      	BTFSC      STATUS, 2
0x00BF	0x28C2      	GOTO       L_Keypad_Key_Click6
;__Lib_Keypad4x4.c,83 :: 		
0x00C0	0x206F      	CALL       _Delay_10us
0x00C1	0x28BA      	GOTO       L_Keypad_Key_Click5
L_Keypad_Key_Click6:
;__Lib_Keypad4x4.c,85 :: 		
0x00C2	0x1683      	BSF        STATUS, 5
0x00C3	0x0862      	MOVF       Keypad_Key_Click_rslt_L0, 0
0x00C4	0x00F0      	MOVWF      R0
;__Lib_Keypad4x4.c,86 :: 		
L_end_Keypad_Key_Click:
0x00C5	0x0008      	RETURN
; end of _Keypad_Key_Click
_Lcd_Chr:
;__Lib_Lcd.c,65 :: 		
;__Lib_Lcd.c,66 :: 		
0x00C6	0x28D8      	GOTO       L_Lcd_Chr4
;__Lib_Lcd.c,67 :: 		
L_Lcd_Chr6:
0x00C7	0x3080      	MOVLW      128
0x00C8	0x1683      	BSF        STATUS, 5
0x00C9	0x1303      	BCF        STATUS, 6
0x00CA	0x00E2      	MOVWF      FARG_Lcd_Chr_row
0x00CB	0x28EB      	GOTO       L_Lcd_Chr5
;__Lib_Lcd.c,68 :: 		
L_Lcd_Chr7:
0x00CC	0x30C0      	MOVLW      192
0x00CD	0x00E2      	MOVWF      FARG_Lcd_Chr_row
0x00CE	0x28EB      	GOTO       L_Lcd_Chr5
;__Lib_Lcd.c,69 :: 		
L_Lcd_Chr8:
0x00CF	0x3094      	MOVLW      148
0x00D0	0x00E2      	MOVWF      FARG_Lcd_Chr_row
0x00D1	0x28EB      	GOTO       L_Lcd_Chr5
;__Lib_Lcd.c,70 :: 		
L_Lcd_Chr9:
0x00D2	0x30D4      	MOVLW      212
0x00D3	0x00E2      	MOVWF      FARG_Lcd_Chr_row
0x00D4	0x28EB      	GOTO       L_Lcd_Chr5
;__Lib_Lcd.c,71 :: 		
L_Lcd_Chr10:
0x00D5	0x3080      	MOVLW      128
0x00D6	0x00E2      	MOVWF      FARG_Lcd_Chr_row
;__Lib_Lcd.c,72 :: 		
0x00D7	0x28EB      	GOTO       L_Lcd_Chr5
L_Lcd_Chr4:
0x00D8	0x1683      	BSF        STATUS, 5
0x00D9	0x1303      	BCF        STATUS, 6
0x00DA	0x0862      	MOVF       FARG_Lcd_Chr_row, 0
0x00DB	0x3A01      	XORLW      1
0x00DC	0x1903      	BTFSC      STATUS, 2
0x00DD	0x28C7      	GOTO       L_Lcd_Chr6
0x00DE	0x0862      	MOVF       FARG_Lcd_Chr_row, 0
0x00DF	0x3A02      	XORLW      2
0x00E0	0x1903      	BTFSC      STATUS, 2
0x00E1	0x28CC      	GOTO       L_Lcd_Chr7
0x00E2	0x0862      	MOVF       FARG_Lcd_Chr_row, 0
0x00E3	0x3A03      	XORLW      3
0x00E4	0x1903      	BTFSC      STATUS, 2
0x00E5	0x28CF      	GOTO       L_Lcd_Chr8
0x00E6	0x0862      	MOVF       FARG_Lcd_Chr_row, 0
0x00E7	0x3A04      	XORLW      4
0x00E8	0x1903      	BTFSC      STATUS, 2
0x00E9	0x28D2      	GOTO       L_Lcd_Chr9
0x00EA	0x28D5      	GOTO       L_Lcd_Chr10
L_Lcd_Chr5:
;__Lib_Lcd.c,74 :: 		
0x00EB	0x0363      	DECF       FARG_Lcd_Chr_column, 0
0x00EC	0x00F0      	MOVWF      R0
0x00ED	0x0862      	MOVF       FARG_Lcd_Chr_row, 0
0x00EE	0x07F0      	ADDWF      R0, 1
0x00EF	0x0870      	MOVF       R0, 0
0x00F0	0x00E2      	MOVWF      FARG_Lcd_Chr_row
;__Lib_Lcd.c,76 :: 		
0x00F1	0x1283      	BCF        STATUS, 5
0x00F2	0x1468      	BSF        __Lib_Lcd_cmd_status, BitPos(__Lib_Lcd_cmd_status+0)
;__Lib_Lcd.c,77 :: 		
0x00F3	0x0870      	MOVF       R0, 0
0x00F4	0x1683      	BSF        STATUS, 5
0x00F5	0x00EB      	MOVWF      FARG_Lcd_Cmd_out_char
0x00F6	0x2018      	CALL       _Lcd_Cmd
;__Lib_Lcd.c,79 :: 		
0x00F7	0x1068      	BCF        __Lib_Lcd_cmd_status, BitPos(__Lib_Lcd_cmd_status+0)
;__Lib_Lcd.c,80 :: 		
0x00F8	0x1683      	BSF        STATUS, 5
0x00F9	0x0864      	MOVF       FARG_Lcd_Chr_out_char, 0
0x00FA	0x00EB      	MOVWF      FARG_Lcd_Cmd_out_char
0x00FB	0x2018      	CALL       _Lcd_Cmd
;__Lib_Lcd.c,81 :: 		
0x00FC	0x1468      	BSF        __Lib_Lcd_cmd_status, BitPos(__Lib_Lcd_cmd_status+0)
;__Lib_Lcd.c,82 :: 		
L_end_Lcd_Chr:
0x00FD	0x0008      	RETURN
; end of _Lcd_Chr
_Lcd_Out:
;__Lib_Lcd.c,184 :: 		
;__Lib_Lcd.c,187 :: 		
0x00FE	0x2910      	GOTO       L_Lcd_Out11
;__Lib_Lcd.c,188 :: 		
L_Lcd_Out13:
0x00FF	0x3080      	MOVLW      128
0x0100	0x1683      	BSF        STATUS, 5
0x0101	0x1303      	BCF        STATUS, 6
0x0102	0x00E2      	MOVWF      FARG_Lcd_Out_row
0x0103	0x2923      	GOTO       L_Lcd_Out12
;__Lib_Lcd.c,189 :: 		
L_Lcd_Out14:
0x0104	0x30C0      	MOVLW      192
0x0105	0x00E2      	MOVWF      FARG_Lcd_Out_row
0x0106	0x2923      	GOTO       L_Lcd_Out12
;__Lib_Lcd.c,190 :: 		
L_Lcd_Out15:
0x0107	0x3094      	MOVLW      148
0x0108	0x00E2      	MOVWF      FARG_Lcd_Out_row
0x0109	0x2923      	GOTO       L_Lcd_Out12
;__Lib_Lcd.c,191 :: 		
L_Lcd_Out16:
0x010A	0x30D4      	MOVLW      212
0x010B	0x00E2      	MOVWF      FARG_Lcd_Out_row
0x010C	0x2923      	GOTO       L_Lcd_Out12
;__Lib_Lcd.c,192 :: 		
L_Lcd_Out17:
0x010D	0x3080      	MOVLW      128
0x010E	0x00E2      	MOVWF      FARG_Lcd_Out_row
;__Lib_Lcd.c,193 :: 		
0x010F	0x2923      	GOTO       L_Lcd_Out12
L_Lcd_Out11:
0x0110	0x1683      	BSF        STATUS, 5
0x0111	0x1303      	BCF        STATUS, 6
0x0112	0x0862      	MOVF       FARG_Lcd_Out_row, 0
0x0113	0x3A01      	XORLW      1
0x0114	0x1903      	BTFSC      STATUS, 2
0x0115	0x28FF      	GOTO       L_Lcd_Out13
0x0116	0x0862      	MOVF       FARG_Lcd_Out_row, 0
0x0117	0x3A02      	XORLW      2
0x0118	0x1903      	BTFSC      STATUS, 2
0x0119	0x2904      	GOTO       L_Lcd_Out14
0x011A	0x0862      	MOVF       FARG_Lcd_Out_row, 0
0x011B	0x3A03      	XORLW      3
0x011C	0x1903      	BTFSC      STATUS, 2
0x011D	0x2907      	GOTO       L_Lcd_Out15
0x011E	0x0862      	MOVF       FARG_Lcd_Out_row, 0
0x011F	0x3A04      	XORLW      4
0x0120	0x1903      	BTFSC      STATUS, 2
0x0121	0x290A      	GOTO       L_Lcd_Out16
0x0122	0x290D      	GOTO       L_Lcd_Out17
L_Lcd_Out12:
;__Lib_Lcd.c,194 :: 		
0x0123	0x0363      	DECF       FARG_Lcd_Out_column, 0
0x0124	0x00F0      	MOVWF      R0
0x0125	0x0862      	MOVF       FARG_Lcd_Out_row, 0
0x0126	0x07F0      	ADDWF      R0, 1
0x0127	0x0870      	MOVF       R0, 0
0x0128	0x00E2      	MOVWF      FARG_Lcd_Out_row
;__Lib_Lcd.c,196 :: 		
0x0129	0x0870      	MOVF       R0, 0
0x012A	0x00EB      	MOVWF      FARG_Lcd_Cmd_out_char
0x012B	0x2018      	CALL       _Lcd_Cmd
;__Lib_Lcd.c,197 :: 		
0x012C	0x1068      	BCF        __Lib_Lcd_cmd_status, BitPos(__Lib_Lcd_cmd_status+0)
;__Lib_Lcd.c,198 :: 		
0x012D	0x1683      	BSF        STATUS, 5
0x012E	0x01E5      	CLRF       Lcd_Out_i_L0
;__Lib_Lcd.c,199 :: 		
L_Lcd_Out18:
0x012F	0x0865      	MOVF       Lcd_Out_i_L0, 0
0x0130	0x0764      	ADDWF      FARG_Lcd_Out_text, 0
0x0131	0x0084      	MOVWF      FSR
0x0132	0x0800      	MOVF       INDF, 0
0x0133	0x1903      	BTFSC      STATUS, 2
0x0134	0x293E      	GOTO       L_Lcd_Out19
;__Lib_Lcd.c,200 :: 		
0x0135	0x0865      	MOVF       Lcd_Out_i_L0, 0
0x0136	0x0764      	ADDWF      FARG_Lcd_Out_text, 0
0x0137	0x0084      	MOVWF      FSR
0x0138	0x0800      	MOVF       INDF, 0
0x0139	0x00E6      	MOVWF      FARG_Lcd_Chr_CP_out_char
0x013A	0x2076      	CALL       _Lcd_Chr_CP
0x013B	0x1683      	BSF        STATUS, 5
0x013C	0x0AE5      	INCF       Lcd_Out_i_L0, 1
0x013D	0x292F      	GOTO       L_Lcd_Out18
L_Lcd_Out19:
;__Lib_Lcd.c,201 :: 		
0x013E	0x1283      	BCF        STATUS, 5
0x013F	0x1468      	BSF        __Lib_Lcd_cmd_status, BitPos(__Lib_Lcd_cmd_status+0)
;__Lib_Lcd.c,202 :: 		
L_end_Lcd_Out:
0x0140	0x0008      	RETURN
; end of _Lcd_Out
_Keypad_Init:
;__Lib_Keypad4x4.c,33 :: 		
;__Lib_Keypad4x4.c,34 :: 		
0x0141	0x30FF      	MOVLW      255
0x0142	0x1683      	BSF        STATUS, 5
0x0143	0x1303      	BCF        STATUS, 6
0x0144	0x0088      	MOVWF      keypadPort+128
;__Lib_Keypad4x4.c,35 :: 		
L_end_Keypad_Init:
0x0145	0x0008      	RETURN
; end of _Keypad_Init
___CC2DW:
;__Lib_System.c,134 :: 		
;__Lib_System.c,137 :: 		
_CC2D_Loop1:
;__Lib_System.c,139 :: 		
0x0146	0x207F      	CALL       _____DoICP
0x0147	0x118A      	BCF        PCLATH, 3
0x0148	0x120A      	BCF        PCLATH, 4
;__Lib_System.c,141 :: 		
0x0149	0x0080      	MOVWF      INDF
;__Lib_System.c,142 :: 		
0x014A	0x0A84      	INCF       FSR, 1
;__Lib_System.c,143 :: 		
0x014B	0x0AE6      	INCF       ___DoICPAddr, 1
;__Lib_System.c,145 :: 		
0x014C	0x1903      	BTFSC      STATUS, 2
;__Lib_System.c,146 :: 		
0x014D	0x0AE7      	INCF       ___DoICPAddr+1, 1
;__Lib_System.c,147 :: 		
0x014E	0x03F0      	DECF       R0, 1
;__Lib_System.c,149 :: 		
0x014F	0x1D03      	BTFSS      STATUS, 2
;__Lib_System.c,150 :: 		
0x0150	0x2946      	GOTO       _CC2D_Loop1
;__Lib_System.c,152 :: 		
L_end___CC2DW:
0x0151	0x0008      	RETURN
; end of ___CC2DW
_Lcd_Init:
;__Lib_Lcd.c,84 :: 		
;__Lib_Lcd.c,86 :: 		
0x0152	0x1683      	BSF        STATUS, 5
0x0153	0x1303      	BCF        STATUS, 6
0x0154	0x1186      	BCF        LCD_EN_Direction, BitPos(LCD_EN_Direction+0)
;__Lib_Lcd.c,87 :: 		
0x0155	0x1106      	BCF        LCD_RS_Direction, BitPos(LCD_RS_Direction+0)
;__Lib_Lcd.c,88 :: 		
0x0156	0x1206      	BCF        LCD_D4_Direction, BitPos(LCD_D4_Direction+0)
;__Lib_Lcd.c,89 :: 		
0x0157	0x1286      	BCF        LCD_D5_Direction, BitPos(LCD_D5_Direction+0)
;__Lib_Lcd.c,90 :: 		
0x0158	0x1306      	BCF        LCD_D6_Direction, BitPos(LCD_D6_Direction+0)
;__Lib_Lcd.c,91 :: 		
0x0159	0x1386      	BCF        LCD_D7_Direction, BitPos(LCD_D7_Direction+0)
;__Lib_Lcd.c,93 :: 		
0x015A	0x1283      	BCF        STATUS, 5
0x015B	0x1186      	BCF        LCD_EN, BitPos(LCD_EN+0)
;__Lib_Lcd.c,94 :: 		
0x015C	0x1106      	BCF        LCD_RS, BitPos(LCD_RS+0)
;__Lib_Lcd.c,95 :: 		
0x015D	0x1386      	BCF        LCD_D7, BitPos(LCD_D7+0)
;__Lib_Lcd.c,96 :: 		
0x015E	0x1306      	BCF        LCD_D6, BitPos(LCD_D6+0)
;__Lib_Lcd.c,97 :: 		
0x015F	0x1286      	BCF        LCD_D5, BitPos(LCD_D5+0)
;__Lib_Lcd.c,98 :: 		
0x0160	0x1206      	BCF        LCD_D4, BitPos(LCD_D4+0)
;__Lib_Lcd.c,100 :: 		
0x0161	0x200D      	CALL       _Delay_5500us
;__Lib_Lcd.c,101 :: 		
0x0162	0x200D      	CALL       _Delay_5500us
;__Lib_Lcd.c,102 :: 		
0x0163	0x200D      	CALL       _Delay_5500us
;__Lib_Lcd.c,105 :: 		
0x0164	0x1686      	BSF        LCD_D5, BitPos(LCD_D5+0)
;__Lib_Lcd.c,106 :: 		
0x0165	0x1606      	BSF        LCD_D4, BitPos(LCD_D4+0)
;__Lib_Lcd.c,107 :: 		
0x0166	0x1586      	BSF        LCD_EN, BitPos(LCD_EN+0)
;__Lib_Lcd.c,108 :: 		
0x0167	0x2003      	CALL       _Delay_1us
;__Lib_Lcd.c,109 :: 		
0x0168	0x1186      	BCF        LCD_EN, BitPos(LCD_EN+0)
;__Lib_Lcd.c,110 :: 		
0x0169	0x200D      	CALL       _Delay_5500us
;__Lib_Lcd.c,112 :: 		
0x016A	0x1586      	BSF        LCD_EN, BitPos(LCD_EN+0)
;__Lib_Lcd.c,113 :: 		
0x016B	0x2003      	CALL       _Delay_1us
;__Lib_Lcd.c,114 :: 		
0x016C	0x1186      	BCF        LCD_EN, BitPos(LCD_EN+0)
;__Lib_Lcd.c,115 :: 		
0x016D	0x200D      	CALL       _Delay_5500us
;__Lib_Lcd.c,117 :: 		
0x016E	0x1586      	BSF        LCD_EN, BitPos(LCD_EN+0)
;__Lib_Lcd.c,118 :: 		
0x016F	0x2003      	CALL       _Delay_1us
;__Lib_Lcd.c,119 :: 		
0x0170	0x1186      	BCF        LCD_EN, BitPos(LCD_EN+0)
;__Lib_Lcd.c,120 :: 		
0x0171	0x200D      	CALL       _Delay_5500us
;__Lib_Lcd.c,123 :: 		
0x0172	0x1206      	BCF        LCD_D4, BitPos(LCD_D4+0)
;__Lib_Lcd.c,124 :: 		
0x0173	0x1586      	BSF        LCD_EN, BitPos(LCD_EN+0)
;__Lib_Lcd.c,125 :: 		
0x0174	0x2003      	CALL       _Delay_1us
;__Lib_Lcd.c,126 :: 		
0x0175	0x1186      	BCF        LCD_EN, BitPos(LCD_EN+0)
;__Lib_Lcd.c,127 :: 		
0x0176	0x200D      	CALL       _Delay_5500us
;__Lib_Lcd.c,130 :: 		
0x0177	0x1586      	BSF        LCD_EN, BitPos(LCD_EN+0)
;__Lib_Lcd.c,131 :: 		
0x0178	0x2003      	CALL       _Delay_1us
;__Lib_Lcd.c,132 :: 		
0x0179	0x1186      	BCF        LCD_EN, BitPos(LCD_EN+0)
;__Lib_Lcd.c,134 :: 		
0x017A	0x1286      	BCF        LCD_D5, BitPos(LCD_D5+0)
;__Lib_Lcd.c,135 :: 		
0x017B	0x1786      	BSF        LCD_D7, BitPos(LCD_D7+0)
;__Lib_Lcd.c,136 :: 		
0x017C	0x1586      	BSF        LCD_EN, BitPos(LCD_EN+0)
;__Lib_Lcd.c,137 :: 		
0x017D	0x2003      	CALL       _Delay_1us
;__Lib_Lcd.c,138 :: 		
0x017E	0x1186      	BCF        LCD_EN, BitPos(LCD_EN+0)
;__Lib_Lcd.c,139 :: 		
0x017F	0x200D      	CALL       _Delay_5500us
;__Lib_Lcd.c,142 :: 		
0x0180	0x1386      	BCF        LCD_D7, BitPos(LCD_D7+0)
;__Lib_Lcd.c,143 :: 		
0x0181	0x1606      	BSF        LCD_D4, BitPos(LCD_D4+0)
;__Lib_Lcd.c,144 :: 		
0x0182	0x1586      	BSF        LCD_EN, BitPos(LCD_EN+0)
;__Lib_Lcd.c,145 :: 		
0x0183	0x2003      	CALL       _Delay_1us
;__Lib_Lcd.c,146 :: 		
0x0184	0x1186      	BCF        LCD_EN, BitPos(LCD_EN+0)
;__Lib_Lcd.c,148 :: 		
0x0185	0x1206      	BCF        LCD_D4, BitPos(LCD_D4+0)
;__Lib_Lcd.c,149 :: 		
0x0186	0x1586      	BSF        LCD_EN, BitPos(LCD_EN+0)
;__Lib_Lcd.c,150 :: 		
0x0187	0x2003      	CALL       _Delay_1us
;__Lib_Lcd.c,151 :: 		
0x0188	0x1186      	BCF        LCD_EN, BitPos(LCD_EN+0)
;__Lib_Lcd.c,152 :: 		
0x0189	0x200D      	CALL       _Delay_5500us
;__Lib_Lcd.c,155 :: 		
0x018A	0x1586      	BSF        LCD_EN, BitPos(LCD_EN+0)
;__Lib_Lcd.c,156 :: 		
0x018B	0x2003      	CALL       _Delay_1us
;__Lib_Lcd.c,157 :: 		
0x018C	0x1186      	BCF        LCD_EN, BitPos(LCD_EN+0)
;__Lib_Lcd.c,159 :: 		
0x018D	0x1606      	BSF        LCD_D4, BitPos(LCD_D4+0)
;__Lib_Lcd.c,160 :: 		
0x018E	0x1586      	BSF        LCD_EN, BitPos(LCD_EN+0)
;__Lib_Lcd.c,161 :: 		
0x018F	0x2003      	CALL       _Delay_1us
;__Lib_Lcd.c,162 :: 		
0x0190	0x1186      	BCF        LCD_EN, BitPos(LCD_EN+0)
;__Lib_Lcd.c,163 :: 		
0x0191	0x200D      	CALL       _Delay_5500us
;__Lib_Lcd.c,166 :: 		
0x0192	0x1206      	BCF        LCD_D4, BitPos(LCD_D4+0)
;__Lib_Lcd.c,167 :: 		
0x0193	0x1586      	BSF        LCD_EN, BitPos(LCD_EN+0)
;__Lib_Lcd.c,168 :: 		
0x0194	0x2003      	CALL       _Delay_1us
;__Lib_Lcd.c,169 :: 		
0x0195	0x1186      	BCF        LCD_EN, BitPos(LCD_EN+0)
;__Lib_Lcd.c,171 :: 		
0x0196	0x1786      	BSF        LCD_D7, BitPos(LCD_D7+0)
;__Lib_Lcd.c,172 :: 		
0x0197	0x1706      	BSF        LCD_D6, BitPos(LCD_D6+0)
;__Lib_Lcd.c,173 :: 		
0x0198	0x1686      	BSF        LCD_D5, BitPos(LCD_D5+0)
;__Lib_Lcd.c,174 :: 		
0x0199	0x1606      	BSF        LCD_D4, BitPos(LCD_D4+0)
;__Lib_Lcd.c,175 :: 		
0x019A	0x1586      	BSF        LCD_EN, BitPos(LCD_EN+0)
;__Lib_Lcd.c,176 :: 		
0x019B	0x2003      	CALL       _Delay_1us
;__Lib_Lcd.c,177 :: 		
0x019C	0x1186      	BCF        LCD_EN, BitPos(LCD_EN+0)
;__Lib_Lcd.c,179 :: 		
0x019D	0x200D      	CALL       _Delay_5500us
;__Lib_Lcd.c,181 :: 		
0x019E	0x1468      	BSF        __Lib_Lcd_cmd_status, BitPos(__Lib_Lcd_cmd_status+0)
;__Lib_Lcd.c,182 :: 		
L_end_Lcd_Init:
0x019F	0x0008      	RETURN
; end of _Lcd_Init
_main:
0x01A0	0x27A8      	CALL       1960
;CLOCK.c,20 :: 		void main() {
;CLOCK.c,21 :: 		int cr = 8;
0x01A1	0x3008      	MOVLW      8
0x01A2	0x1683      	BSF        STATUS, 5
0x01A3	0x1303      	BCF        STATUS, 6
0x01A4	0x00DC      	MOVWF      main_cr_L0
0x01A5	0x3000      	MOVLW      0
0x01A6	0x00DD      	MOVWF      main_cr_L0+1
0x01A7	0x3011      	MOVLW      17
0x01A8	0x00DE      	MOVWF      main_crr_L0
0x01A9	0x3000      	MOVLW      0
0x01AA	0x00DF      	MOVWF      main_crr_L0+1
0x01AB	0x01E0      	CLRF       main_i_L0
0x01AC	0x01E1      	CLRF       main_i_L0+1
;CLOCK.c,27 :: 		Keypad_Init();
0x01AD	0x2141      	CALL       _Keypad_Init
;CLOCK.c,28 :: 		Lcd_Init();
0x01AE	0x2152      	CALL       _Lcd_Init
;CLOCK.c,29 :: 		Lcd_Cmd( _LCD_CURSOR_OFF );
0x01AF	0x300C      	MOVLW      12
0x01B0	0x1683      	BSF        STATUS, 5
0x01B1	0x00EB      	MOVWF      FARG_Lcd_Cmd_out_char
0x01B2	0x2018      	CALL       _Lcd_Cmd
;CLOCK.c,30 :: 		Lcd_Out(1,4,"WELCOME");
0x01B3	0x3001      	MOVLW      1
0x01B4	0x1683      	BSF        STATUS, 5
0x01B5	0x00E2      	MOVWF      FARG_Lcd_Out_row
0x01B6	0x3004      	MOVLW      4
0x01B7	0x00E3      	MOVWF      FARG_Lcd_Out_column
0x01B8	0x3020      	MOVLW      ?lstr1_CLOCK
0x01B9	0x00E4      	MOVWF      FARG_Lcd_Out_text
0x01BA	0x20FE      	CALL       _Lcd_Out
;CLOCK.c,31 :: 		delay_ms(1000);
0x01BB	0x3006      	MOVLW      6
0x01BC	0x00FB      	MOVWF      R11
0x01BD	0x3013      	MOVLW      19
0x01BE	0x00FC      	MOVWF      R12
0x01BF	0x30AD      	MOVLW      173
0x01C0	0x00FD      	MOVWF      R13
L_main0:
0x01C1	0x0BFD      	DECFSZ     R13, 1
0x01C2	0x29C1      	GOTO       L_main0
0x01C3	0x0BFC      	DECFSZ     R12, 1
0x01C4	0x29C1      	GOTO       L_main0
0x01C5	0x0BFB      	DECFSZ     R11, 1
0x01C6	0x29C1      	GOTO       L_main0
0x01C7	0x0000      	NOP
0x01C8	0x0000      	NOP
;CLOCK.c,32 :: 		Lcd_Cmd(_LCD_CLEAR);
0x01C9	0x3001      	MOVLW      1
0x01CA	0x1683      	BSF        STATUS, 5
0x01CB	0x00EB      	MOVWF      FARG_Lcd_Cmd_out_char
0x01CC	0x2018      	CALL       _Lcd_Cmd
;CLOCK.c,33 :: 		for(cr=17;cr>1;cr--){
0x01CD	0x3011      	MOVLW      17
0x01CE	0x1683      	BSF        STATUS, 5
0x01CF	0x00DC      	MOVWF      main_cr_L0
0x01D0	0x3000      	MOVLW      0
0x01D1	0x00DD      	MOVWF      main_cr_L0+1
L_main1:
0x01D2	0x3080      	MOVLW      128
0x01D3	0x00F0      	MOVWF      R0
0x01D4	0x3080      	MOVLW      128
0x01D5	0x065D      	XORWF      main_cr_L0+1, 0
0x01D6	0x0270      	SUBWF      R0, 0
0x01D7	0x1D03      	BTFSS      STATUS, 2
0x01D8	0x29DB      	GOTO       L__main102
0x01D9	0x085C      	MOVF       main_cr_L0, 0
0x01DA	0x3C01      	SUBLW      1
L__main102:
0x01DB	0x1803      	BTFSC      STATUS, 0
0x01DC	0x2A08      	GOTO       L_main2
;CLOCK.c,34 :: 		Lcd_Out(1,cr,"THIS CLOCK IS ");
0x01DD	0x3001      	MOVLW      1
0x01DE	0x00E2      	MOVWF      FARG_Lcd_Out_row
0x01DF	0x085C      	MOVF       main_cr_L0, 0
0x01E0	0x00E3      	MOVWF      FARG_Lcd_Out_column
0x01E1	0x3057      	MOVLW      ?lstr2_CLOCK
0x01E2	0x00E4      	MOVWF      FARG_Lcd_Out_text
0x01E3	0x20FE      	CALL       _Lcd_Out
;CLOCK.c,35 :: 		Lcd_Out(2,crr,"PROGRAMED BY:");
0x01E4	0x3002      	MOVLW      2
0x01E5	0x1683      	BSF        STATUS, 5
0x01E6	0x00E2      	MOVWF      FARG_Lcd_Out_row
0x01E7	0x085E      	MOVF       main_crr_L0, 0
0x01E8	0x00E3      	MOVWF      FARG_Lcd_Out_column
0x01E9	0x30A0      	MOVLW      ?lstr3_CLOCK
0x01EA	0x00E4      	MOVWF      FARG_Lcd_Out_text
0x01EB	0x20FE      	CALL       _Lcd_Out
;CLOCK.c,36 :: 		delay_ms(250);
0x01EC	0x3002      	MOVLW      2
0x01ED	0x00FB      	MOVWF      R11
0x01EE	0x3045      	MOVLW      69
0x01EF	0x00FC      	MOVWF      R12
0x01F0	0x30A9      	MOVLW      169
0x01F1	0x00FD      	MOVWF      R13
L_main4:
0x01F2	0x0BFD      	DECFSZ     R13, 1
0x01F3	0x29F2      	GOTO       L_main4
0x01F4	0x0BFC      	DECFSZ     R12, 1
0x01F5	0x29F2      	GOTO       L_main4
0x01F6	0x0BFB      	DECFSZ     R11, 1
0x01F7	0x29F2      	GOTO       L_main4
0x01F8	0x0000      	NOP
0x01F9	0x0000      	NOP
;CLOCK.c,37 :: 		Lcd_Cmd(_LCD_CLEAR);
0x01FA	0x3001      	MOVLW      1
0x01FB	0x1683      	BSF        STATUS, 5
0x01FC	0x00EB      	MOVWF      FARG_Lcd_Cmd_out_char
0x01FD	0x2018      	CALL       _Lcd_Cmd
;CLOCK.c,38 :: 		crr--;
0x01FE	0x3001      	MOVLW      1
0x01FF	0x1683      	BSF        STATUS, 5
0x0200	0x02DE      	SUBWF      main_crr_L0, 1
0x0201	0x1C03      	BTFSS      STATUS, 0
0x0202	0x03DF      	DECF       main_crr_L0+1, 1
;CLOCK.c,33 :: 		for(cr=17;cr>1;cr--){
0x0203	0x3001      	MOVLW      1
0x0204	0x02DC      	SUBWF      main_cr_L0, 1
0x0205	0x1C03      	BTFSS      STATUS, 0
0x0206	0x03DD      	DECF       main_cr_L0+1, 1
;CLOCK.c,39 :: 		}
0x0207	0x29D2      	GOTO       L_main1
L_main2:
;CLOCK.c,40 :: 		Lcd_Out(1,1,"THIS CLOCK IS ");
0x0208	0x3001      	MOVLW      1
0x0209	0x00E2      	MOVWF      FARG_Lcd_Out_row
0x020A	0x3001      	MOVLW      1
0x020B	0x00E3      	MOVWF      FARG_Lcd_Out_column
0x020C	0x30BD      	MOVLW      ?lstr4_CLOCK
0x020D	0x00E4      	MOVWF      FARG_Lcd_Out_text
0x020E	0x20FE      	CALL       _Lcd_Out
;CLOCK.c,41 :: 		Lcd_Out(2,1,"PROGRAMED BY :");
0x020F	0x3002      	MOVLW      2
0x0210	0x1683      	BSF        STATUS, 5
0x0211	0x00E2      	MOVWF      FARG_Lcd_Out_row
0x0212	0x3001      	MOVLW      1
0x0213	0x00E3      	MOVWF      FARG_Lcd_Out_column
0x0214	0x30AE      	MOVLW      ?lstr5_CLOCK
0x0215	0x00E4      	MOVWF      FARG_Lcd_Out_text
0x0216	0x20FE      	CALL       _Lcd_Out
;CLOCK.c,42 :: 		delay_ms(3000);
0x0217	0x3010      	MOVLW      16
0x0218	0x00FB      	MOVWF      R11
0x0219	0x3039      	MOVLW      57
0x021A	0x00FC      	MOVWF      R12
0x021B	0x300D      	MOVLW      13
0x021C	0x00FD      	MOVWF      R13
L_main5:
0x021D	0x0BFD      	DECFSZ     R13, 1
0x021E	0x2A1D      	GOTO       L_main5
0x021F	0x0BFC      	DECFSZ     R12, 1
0x0220	0x2A1D      	GOTO       L_main5
0x0221	0x0BFB      	DECFSZ     R11, 1
0x0222	0x2A1D      	GOTO       L_main5
0x0223	0x0000      	NOP
0x0224	0x0000      	NOP
;CLOCK.c,43 :: 		Lcd_Cmd(_LCD_Clear);
0x0225	0x3001      	MOVLW      1
0x0226	0x1683      	BSF        STATUS, 5
0x0227	0x00EB      	MOVWF      FARG_Lcd_Cmd_out_char
0x0228	0x2018      	CALL       _Lcd_Cmd
;CLOCK.c,44 :: 		Lcd_out(1,1,"DJEBBI FIRAS");
0x0229	0x3001      	MOVLW      1
0x022A	0x1683      	BSF        STATUS, 5
0x022B	0x00E2      	MOVWF      FARG_Lcd_Out_row
0x022C	0x3001      	MOVLW      1
0x022D	0x00E3      	MOVWF      FARG_Lcd_Out_column
0x022E	0x304A      	MOVLW      ?lstr6_CLOCK
0x022F	0x00E4      	MOVWF      FARG_Lcd_Out_text
0x0230	0x20FE      	CALL       _Lcd_Out
;CLOCK.c,45 :: 		Delay_ms(2000);
0x0231	0x300B      	MOVLW      11
0x0232	0x00FB      	MOVWF      R11
0x0233	0x3026      	MOVLW      38
0x0234	0x00FC      	MOVWF      R12
0x0235	0x305D      	MOVLW      93
0x0236	0x00FD      	MOVWF      R13
L_main6:
0x0237	0x0BFD      	DECFSZ     R13, 1
0x0238	0x2A37      	GOTO       L_main6
0x0239	0x0BFC      	DECFSZ     R12, 1
0x023A	0x2A37      	GOTO       L_main6
0x023B	0x0BFB      	DECFSZ     R11, 1
0x023C	0x2A37      	GOTO       L_main6
0x023D	0x0000      	NOP
0x023E	0x0000      	NOP
;CLOCK.c,46 :: 		Lcd_Cmd(_LCD_Clear);
0x023F	0x3001      	MOVLW      1
0x0240	0x1683      	BSF        STATUS, 5
0x0241	0x00EB      	MOVWF      FARG_Lcd_Cmd_out_char
0x0242	0x2018      	CALL       _Lcd_Cmd
;CLOCK.c,47 :: 		Lcd_out(1,1,"ARFAOUI FOUED");
0x0243	0x3001      	MOVLW      1
0x0244	0x1683      	BSF        STATUS, 5
0x0245	0x00E2      	MOVWF      FARG_Lcd_Out_row
0x0246	0x3001      	MOVLW      1
0x0247	0x00E3      	MOVWF      FARG_Lcd_Out_column
0x0248	0x3036      	MOVLW      ?lstr7_CLOCK
0x0249	0x00E4      	MOVWF      FARG_Lcd_Out_text
0x024A	0x20FE      	CALL       _Lcd_Out
;CLOCK.c,48 :: 		Delay_ms(1500);
0x024B	0x3008      	MOVLW      8
0x024C	0x00FB      	MOVWF      R11
0x024D	0x309D      	MOVLW      157
0x024E	0x00FC      	MOVWF      R12
0x024F	0x3005      	MOVLW      5
0x0250	0x00FD      	MOVWF      R13
L_main7:
0x0251	0x0BFD      	DECFSZ     R13, 1
0x0252	0x2A51      	GOTO       L_main7
0x0253	0x0BFC      	DECFSZ     R12, 1
0x0254	0x2A51      	GOTO       L_main7
0x0255	0x0BFB      	DECFSZ     R11, 1
0x0256	0x2A51      	GOTO       L_main7
0x0257	0x0000      	NOP
0x0258	0x0000      	NOP
;CLOCK.c,49 :: 		Lcd_Cmd(_LCD_Clear);
0x0259	0x3001      	MOVLW      1
0x025A	0x1683      	BSF        STATUS, 5
0x025B	0x00EB      	MOVWF      FARG_Lcd_Cmd_out_char
0x025C	0x2018      	CALL       _Lcd_Cmd
;CLOCK.c,51 :: 		Lcd_Out(1,1,"PUT THE TIME:");
0x025D	0x3001      	MOVLW      1
0x025E	0x1683      	BSF        STATUS, 5
0x025F	0x00E2      	MOVWF      FARG_Lcd_Out_row
0x0260	0x3001      	MOVLW      1
0x0261	0x00E3      	MOVWF      FARG_Lcd_Out_column
0x0262	0x3028      	MOVLW      ?lstr8_CLOCK
0x0263	0x00E4      	MOVWF      FARG_Lcd_Out_text
0x0264	0x20FE      	CALL       _Lcd_Out
;CLOCK.c,52 :: 		delay_ms(2000);
0x0265	0x300B      	MOVLW      11
0x0266	0x00FB      	MOVWF      R11
0x0267	0x3026      	MOVLW      38
0x0268	0x00FC      	MOVWF      R12
0x0269	0x305D      	MOVLW      93
0x026A	0x00FD      	MOVWF      R13
L_main8:
0x026B	0x0BFD      	DECFSZ     R13, 1
0x026C	0x2A6B      	GOTO       L_main8
0x026D	0x0BFC      	DECFSZ     R12, 1
0x026E	0x2A6B      	GOTO       L_main8
0x026F	0x0BFB      	DECFSZ     R11, 1
0x0270	0x2A6B      	GOTO       L_main8
0x0271	0x0000      	NOP
0x0272	0x0000      	NOP
;CLOCK.c,53 :: 		Lcd_Cmd(_LCD_CLEAR);
0x0273	0x3001      	MOVLW      1
0x0274	0x1683      	BSF        STATUS, 5
0x0275	0x00EB      	MOVWF      FARG_Lcd_Cmd_out_char
0x0276	0x2018      	CALL       _Lcd_Cmd
;CLOCK.c,54 :: 		Lcd_Out(1,5,"HH:MM");
0x0277	0x3001      	MOVLW      1
0x0278	0x1683      	BSF        STATUS, 5
0x0279	0x00E2      	MOVWF      FARG_Lcd_Out_row
0x027A	0x3005      	MOVLW      5
0x027B	0x00E3      	MOVWF      FARG_Lcd_Out_column
0x027C	0x3044      	MOVLW      ?lstr9_CLOCK
0x027D	0x00E4      	MOVWF      FARG_Lcd_Out_text
0x027E	0x20FE      	CALL       _Lcd_Out
;CLOCK.c,56 :: 		while(i<2) {
L_main9:
0x027F	0x3080      	MOVLW      128
0x0280	0x1683      	BSF        STATUS, 5
0x0281	0x0661      	XORWF      main_i_L0+1, 0
0x0282	0x00F0      	MOVWF      R0
0x0283	0x3080      	MOVLW      128
0x0284	0x0270      	SUBWF      R0, 0
0x0285	0x1D03      	BTFSS      STATUS, 2
0x0286	0x2A89      	GOTO       L__main103
0x0287	0x3002      	MOVLW      2
0x0288	0x0260      	SUBWF      main_i_L0, 0
L__main103:
0x0289	0x1803      	BTFSC      STATUS, 0
0x028A	0x2C86      	GOTO       L_main10
;CLOCK.c,58 :: 		hhcorect:
___main_hhcorect:
;CLOCK.c,59 :: 		kp[i] = 0;
0x028B	0x0860      	MOVF       main_i_L0, 0
0x028C	0x3E69      	ADDLW      _kp
0x028D	0x0084      	MOVWF      FSR
0x028E	0x0180      	CLRF       INDF
;CLOCK.c,60 :: 		do
L_main11:
;CLOCK.c,62 :: 		kp[i] = keypad_key_click();
0x028F	0x0860      	MOVF       main_i_L0, 0
0x0290	0x3E69      	ADDLW      _kp
0x0291	0x1283      	BCF        STATUS, 5
0x0292	0x00EF      	MOVWF      FLOC__main
0x0293	0x20B7      	CALL       _Keypad_Key_Click
0x0294	0x1283      	BCF        STATUS, 5
0x0295	0x086F      	MOVF       FLOC__main, 0
0x0296	0x0084      	MOVWF      FSR
0x0297	0x0870      	MOVF       R0, 0
0x0298	0x0080      	MOVWF      INDF
;CLOCK.c,63 :: 		}while(!kp[i]);
0x0299	0x1683      	BSF        STATUS, 5
0x029A	0x0860      	MOVF       main_i_L0, 0
0x029B	0x3E69      	ADDLW      _kp
0x029C	0x0084      	MOVWF      FSR
0x029D	0x0800      	MOVF       INDF, 0
0x029E	0x1903      	BTFSC      STATUS, 2
0x029F	0x2A8F      	GOTO       L_main11
;CLOCK.c,64 :: 		switch(kp[i])
0x02A0	0x0860      	MOVF       main_i_L0, 0
0x02A1	0x3E69      	ADDLW      _kp
0x02A2	0x00F3      	MOVWF      R3
0x02A3	0x2BA4      	GOTO       L_main14
;CLOCK.c,66 :: 		case 1 : time[i] = 55; break;
L_main16:
0x02A4	0x0860      	MOVF       main_i_L0, 0
0x02A5	0x00F0      	MOVWF      R0
0x02A6	0x0861      	MOVF       main_i_L0+1, 0
0x02A7	0x00F1      	MOVWF      R0+1
0x02A8	0x0DF0      	RLF        R0, 1
0x02A9	0x0DF1      	RLF        R0+1, 1
0x02AA	0x1070      	BCF        R0, 0
0x02AB	0x0870      	MOVF       R0, 0
0x02AC	0x3ECC      	ADDLW      main_time_L0
0x02AD	0x0084      	MOVWF      FSR
0x02AE	0x3037      	MOVLW      55
0x02AF	0x0080      	MOVWF      INDF
0x02B0	0x3000      	MOVLW      0
0x02B1	0x0A84      	INCF       FSR, 1
0x02B2	0x0080      	MOVWF      INDF
0x02B3	0x2C04      	GOTO       L_main15
;CLOCK.c,67 :: 		case 2 : time[i] = 52; break;
L_main17:
0x02B4	0x0860      	MOVF       main_i_L0, 0
0x02B5	0x00F0      	MOVWF      R0
0x02B6	0x0861      	MOVF       main_i_L0+1, 0
0x02B7	0x00F1      	MOVWF      R0+1
0x02B8	0x0DF0      	RLF        R0, 1
0x02B9	0x0DF1      	RLF        R0+1, 1
0x02BA	0x1070      	BCF        R0, 0
0x02BB	0x0870      	MOVF       R0, 0
0x02BC	0x3ECC      	ADDLW      main_time_L0
0x02BD	0x0084      	MOVWF      FSR
0x02BE	0x3034      	MOVLW      52
0x02BF	0x0080      	MOVWF      INDF
0x02C0	0x3000      	MOVLW      0
0x02C1	0x0A84      	INCF       FSR, 1
0x02C2	0x0080      	MOVWF      INDF
0x02C3	0x2C04      	GOTO       L_main15
;CLOCK.c,68 :: 		case 3 : time[i] = 49; break;
L_main18:
0x02C4	0x0860      	MOVF       main_i_L0, 0
0x02C5	0x00F0      	MOVWF      R0
0x02C6	0x0861      	MOVF       main_i_L0+1, 0
0x02C7	0x00F1      	MOVWF      R0+1
0x02C8	0x0DF0      	RLF        R0, 1
0x02C9	0x0DF1      	RLF        R0+1, 1
0x02CA	0x1070      	BCF        R0, 0
0x02CB	0x0870      	MOVF       R0, 0
0x02CC	0x3ECC      	ADDLW      main_time_L0
0x02CD	0x0084      	MOVWF      FSR
0x02CE	0x3031      	MOVLW      49
0x02CF	0x0080      	MOVWF      INDF
0x02D0	0x3000      	MOVLW      0
0x02D1	0x0A84      	INCF       FSR, 1
0x02D2	0x0080      	MOVWF      INDF
0x02D3	0x2C04      	GOTO       L_main15
;CLOCK.c,69 :: 		case 4 : time[i] = 67; break;
L_main19:
0x02D4	0x0860      	MOVF       main_i_L0, 0
0x02D5	0x00F0      	MOVWF      R0
0x02D6	0x0861      	MOVF       main_i_L0+1, 0
0x02D7	0x00F1      	MOVWF      R0+1
0x02D8	0x0DF0      	RLF        R0, 1
0x02D9	0x0DF1      	RLF        R0+1, 1
0x02DA	0x1070      	BCF        R0, 0
0x02DB	0x0870      	MOVF       R0, 0
0x02DC	0x3ECC      	ADDLW      main_time_L0
0x02DD	0x0084      	MOVWF      FSR
0x02DE	0x3043      	MOVLW      67
0x02DF	0x0080      	MOVWF      INDF
0x02E0	0x3000      	MOVLW      0
0x02E1	0x0A84      	INCF       FSR, 1
0x02E2	0x0080      	MOVWF      INDF
0x02E3	0x2C04      	GOTO       L_main15
;CLOCK.c,70 :: 		case 5 : time[i] = 56; break;
L_main20:
0x02E4	0x0860      	MOVF       main_i_L0, 0
0x02E5	0x00F0      	MOVWF      R0
0x02E6	0x0861      	MOVF       main_i_L0+1, 0
0x02E7	0x00F1      	MOVWF      R0+1
0x02E8	0x0DF0      	RLF        R0, 1
0x02E9	0x0DF1      	RLF        R0+1, 1
0x02EA	0x1070      	BCF        R0, 0
0x02EB	0x0870      	MOVF       R0, 0
0x02EC	0x3ECC      	ADDLW      main_time_L0
0x02ED	0x0084      	MOVWF      FSR
0x02EE	0x3038      	MOVLW      56
0x02EF	0x0080      	MOVWF      INDF
0x02F0	0x3000      	MOVLW      0
0x02F1	0x0A84      	INCF       FSR, 1
0x02F2	0x0080      	MOVWF      INDF
0x02F3	0x2C04      	GOTO       L_main15
;CLOCK.c,71 :: 		case 6 : time[i] = 53; break;
L_main21:
0x02F4	0x0860      	MOVF       main_i_L0, 0
0x02F5	0x00F0      	MOVWF      R0
0x02F6	0x0861      	MOVF       main_i_L0+1, 0
0x02F7	0x00F1      	MOVWF      R0+1
0x02F8	0x0DF0      	RLF        R0, 1
0x02F9	0x0DF1      	RLF        R0+1, 1
0x02FA	0x1070      	BCF        R0, 0
0x02FB	0x0870      	MOVF       R0, 0
0x02FC	0x3ECC      	ADDLW      main_time_L0
0x02FD	0x0084      	MOVWF      FSR
0x02FE	0x3035      	MOVLW      53
0x02FF	0x0080      	MOVWF      INDF
0x0300	0x3000      	MOVLW      0
0x0301	0x0A84      	INCF       FSR, 1
0x0302	0x0080      	MOVWF      INDF
0x0303	0x2C04      	GOTO       L_main15
;CLOCK.c,72 :: 		case 7 : time[i] = 50; break;
L_main22:
0x0304	0x0860      	MOVF       main_i_L0, 0
0x0305	0x00F0      	MOVWF      R0
0x0306	0x0861      	MOVF       main_i_L0+1, 0
0x0307	0x00F1      	MOVWF      R0+1
0x0308	0x0DF0      	RLF        R0, 1
0x0309	0x0DF1      	RLF        R0+1, 1
0x030A	0x1070      	BCF        R0, 0
0x030B	0x0870      	MOVF       R0, 0
0x030C	0x3ECC      	ADDLW      main_time_L0
0x030D	0x0084      	MOVWF      FSR
0x030E	0x3032      	MOVLW      50
0x030F	0x0080      	MOVWF      INDF
0x0310	0x3000      	MOVLW      0
0x0311	0x0A84      	INCF       FSR, 1
0x0312	0x0080      	MOVWF      INDF
0x0313	0x2C04      	GOTO       L_main15
;CLOCK.c,73 :: 		case 8 : time[i] = 48; break;
L_main23:
0x0314	0x0860      	MOVF       main_i_L0, 0
0x0315	0x00F0      	MOVWF      R0
0x0316	0x0861      	MOVF       main_i_L0+1, 0
0x0317	0x00F1      	MOVWF      R0+1
0x0318	0x0DF0      	RLF        R0, 1
0x0319	0x0DF1      	RLF        R0+1, 1
0x031A	0x1070      	BCF        R0, 0
0x031B	0x0870      	MOVF       R0, 0
0x031C	0x3ECC      	ADDLW      main_time_L0
0x031D	0x0084      	MOVWF      FSR
0x031E	0x3030      	MOVLW      48
0x031F	0x0080      	MOVWF      INDF
0x0320	0x3000      	MOVLW      0
0x0321	0x0A84      	INCF       FSR, 1
0x0322	0x0080      	MOVWF      INDF
0x0323	0x2C04      	GOTO       L_main15
;CLOCK.c,74 :: 		case 9 : time[i] = 57; break;
L_main24:
0x0324	0x0860      	MOVF       main_i_L0, 0
0x0325	0x00F0      	MOVWF      R0
0x0326	0x0861      	MOVF       main_i_L0+1, 0
0x0327	0x00F1      	MOVWF      R0+1
0x0328	0x0DF0      	RLF        R0, 1
0x0329	0x0DF1      	RLF        R0+1, 1
0x032A	0x1070      	BCF        R0, 0
0x032B	0x0870      	MOVF       R0, 0
0x032C	0x3ECC      	ADDLW      main_time_L0
0x032D	0x0084      	MOVWF      FSR
0x032E	0x3039      	MOVLW      57
0x032F	0x0080      	MOVWF      INDF
0x0330	0x3000      	MOVLW      0
0x0331	0x0A84      	INCF       FSR, 1
0x0332	0x0080      	MOVWF      INDF
0x0333	0x2C04      	GOTO       L_main15
;CLOCK.c,75 :: 		case 10: time[i] = 54; break;
L_main25:
0x0334	0x0860      	MOVF       main_i_L0, 0
0x0335	0x00F0      	MOVWF      R0
0x0336	0x0861      	MOVF       main_i_L0+1, 0
0x0337	0x00F1      	MOVWF      R0+1
0x0338	0x0DF0      	RLF        R0, 1
0x0339	0x0DF1      	RLF        R0+1, 1
0x033A	0x1070      	BCF        R0, 0
0x033B	0x0870      	MOVF       R0, 0
0x033C	0x3ECC      	ADDLW      main_time_L0
0x033D	0x0084      	MOVWF      FSR
0x033E	0x3036      	MOVLW      54
0x033F	0x0080      	MOVWF      INDF
0x0340	0x3000      	MOVLW      0
0x0341	0x0A84      	INCF       FSR, 1
0x0342	0x0080      	MOVWF      INDF
0x0343	0x2C04      	GOTO       L_main15
;CLOCK.c,76 :: 		case 11: time[i] = 51; break;
L_main26:
0x0344	0x0860      	MOVF       main_i_L0, 0
0x0345	0x00F0      	MOVWF      R0
0x0346	0x0861      	MOVF       main_i_L0+1, 0
0x0347	0x00F1      	MOVWF      R0+1
0x0348	0x0DF0      	RLF        R0, 1
0x0349	0x0DF1      	RLF        R0+1, 1
0x034A	0x1070      	BCF        R0, 0
0x034B	0x0870      	MOVF       R0, 0
0x034C	0x3ECC      	ADDLW      main_time_L0
0x034D	0x0084      	MOVWF      FSR
0x034E	0x3033      	MOVLW      51
0x034F	0x0080      	MOVWF      INDF
0x0350	0x3000      	MOVLW      0
0x0351	0x0A84      	INCF       FSR, 1
0x0352	0x0080      	MOVWF      INDF
0x0353	0x2C04      	GOTO       L_main15
;CLOCK.c,77 :: 		case 12: time[i] = 61; break;
L_main27:
0x0354	0x0860      	MOVF       main_i_L0, 0
0x0355	0x00F0      	MOVWF      R0
0x0356	0x0861      	MOVF       main_i_L0+1, 0
0x0357	0x00F1      	MOVWF      R0+1
0x0358	0x0DF0      	RLF        R0, 1
0x0359	0x0DF1      	RLF        R0+1, 1
0x035A	0x1070      	BCF        R0, 0
0x035B	0x0870      	MOVF       R0, 0
0x035C	0x3ECC      	ADDLW      main_time_L0
0x035D	0x0084      	MOVWF      FSR
0x035E	0x303D      	MOVLW      61
0x035F	0x0080      	MOVWF      INDF
0x0360	0x3000      	MOVLW      0
0x0361	0x0A84      	INCF       FSR, 1
0x0362	0x0080      	MOVWF      INDF
0x0363	0x2C04      	GOTO       L_main15
;CLOCK.c,78 :: 		case 13: time[i] = 47;break;
L_main28:
0x0364	0x0860      	MOVF       main_i_L0, 0
0x0365	0x00F0      	MOVWF      R0
0x0366	0x0861      	MOVF       main_i_L0+1, 0
0x0367	0x00F1      	MOVWF      R0+1
0x0368	0x0DF0      	RLF        R0, 1
0x0369	0x0DF1      	RLF        R0+1, 1
0x036A	0x1070      	BCF        R0, 0
0x036B	0x0870      	MOVF       R0, 0
0x036C	0x3ECC      	ADDLW      main_time_L0
0x036D	0x0084      	MOVWF      FSR
0x036E	0x302F      	MOVLW      47
0x036F	0x0080      	MOVWF      INDF
0x0370	0x3000      	MOVLW      0
0x0371	0x0A84      	INCF       FSR, 1
0x0372	0x0080      	MOVWF      INDF
0x0373	0x2C04      	GOTO       L_main15
;CLOCK.c,79 :: 		case 14: time[i] = 42; break;
L_main29:
0x0374	0x0860      	MOVF       main_i_L0, 0
0x0375	0x00F0      	MOVWF      R0
0x0376	0x0861      	MOVF       main_i_L0+1, 0
0x0377	0x00F1      	MOVWF      R0+1
0x0378	0x0DF0      	RLF        R0, 1
0x0379	0x0DF1      	RLF        R0+1, 1
0x037A	0x1070      	BCF        R0, 0
0x037B	0x0870      	MOVF       R0, 0
0x037C	0x3ECC      	ADDLW      main_time_L0
0x037D	0x0084      	MOVWF      FSR
0x037E	0x302A      	MOVLW      42
0x037F	0x0080      	MOVWF      INDF
0x0380	0x3000      	MOVLW      0
0x0381	0x0A84      	INCF       FSR, 1
0x0382	0x0080      	MOVWF      INDF
0x0383	0x2C04      	GOTO       L_main15
;CLOCK.c,80 :: 		case 15: time[i] = 45; break;
L_main30:
0x0384	0x0860      	MOVF       main_i_L0, 0
0x0385	0x00F0      	MOVWF      R0
0x0386	0x0861      	MOVF       main_i_L0+1, 0
0x0387	0x00F1      	MOVWF      R0+1
0x0388	0x0DF0      	RLF        R0, 1
0x0389	0x0DF1      	RLF        R0+1, 1
0x038A	0x1070      	BCF        R0, 0
0x038B	0x0870      	MOVF       R0, 0
0x038C	0x3ECC      	ADDLW      main_time_L0
0x038D	0x0084      	MOVWF      FSR
0x038E	0x302D      	MOVLW      45
0x038F	0x0080      	MOVWF      INDF
0x0390	0x3000      	MOVLW      0
0x0391	0x0A84      	INCF       FSR, 1
0x0392	0x0080      	MOVWF      INDF
0x0393	0x2C04      	GOTO       L_main15
;CLOCK.c,81 :: 		case 16: time[i] = 43; break;
L_main31:
0x0394	0x0860      	MOVF       main_i_L0, 0
0x0395	0x00F0      	MOVWF      R0
0x0396	0x0861      	MOVF       main_i_L0+1, 0
0x0397	0x00F1      	MOVWF      R0+1
0x0398	0x0DF0      	RLF        R0, 1
0x0399	0x0DF1      	RLF        R0+1, 1
0x039A	0x1070      	BCF        R0, 0
0x039B	0x0870      	MOVF       R0, 0
0x039C	0x3ECC      	ADDLW      main_time_L0
0x039D	0x0084      	MOVWF      FSR
0x039E	0x302B      	MOVLW      43
0x039F	0x0080      	MOVWF      INDF
0x03A0	0x3000      	MOVLW      0
0x03A1	0x0A84      	INCF       FSR, 1
0x03A2	0x0080      	MOVWF      INDF
0x03A3	0x2C04      	GOTO       L_main15
;CLOCK.c,82 :: 		}
L_main14:
0x03A4	0x0873      	MOVF       R3, 0
0x03A5	0x0084      	MOVWF      FSR
0x03A6	0x0800      	MOVF       INDF, 0
0x03A7	0x3A01      	XORLW      1
0x03A8	0x1903      	BTFSC      STATUS, 2
0x03A9	0x2AA4      	GOTO       L_main16
0x03AA	0x0873      	MOVF       R3, 0
0x03AB	0x0084      	MOVWF      FSR
0x03AC	0x0800      	MOVF       INDF, 0
0x03AD	0x3A02      	XORLW      2
0x03AE	0x1903      	BTFSC      STATUS, 2
0x03AF	0x2AB4      	GOTO       L_main17
0x03B0	0x0873      	MOVF       R3, 0
0x03B1	0x0084      	MOVWF      FSR
0x03B2	0x0800      	MOVF       INDF, 0
0x03B3	0x3A03      	XORLW      3
0x03B4	0x1903      	BTFSC      STATUS, 2
0x03B5	0x2AC4      	GOTO       L_main18
0x03B6	0x0873      	MOVF       R3, 0
0x03B7	0x0084      	MOVWF      FSR
0x03B8	0x0800      	MOVF       INDF, 0
0x03B9	0x3A04      	XORLW      4
0x03BA	0x1903      	BTFSC      STATUS, 2
0x03BB	0x2AD4      	GOTO       L_main19
0x03BC	0x0873      	MOVF       R3, 0
0x03BD	0x0084      	MOVWF      FSR
0x03BE	0x0800      	MOVF       INDF, 0
0x03BF	0x3A05      	XORLW      5
0x03C0	0x1903      	BTFSC      STATUS, 2
0x03C1	0x2AE4      	GOTO       L_main20
0x03C2	0x0873      	MOVF       R3, 0
0x03C3	0x0084      	MOVWF      FSR
0x03C4	0x0800      	MOVF       INDF, 0
0x03C5	0x3A06      	XORLW      6
0x03C6	0x1903      	BTFSC      STATUS, 2
0x03C7	0x2AF4      	GOTO       L_main21
0x03C8	0x0873      	MOVF       R3, 0
0x03C9	0x0084      	MOVWF      FSR
0x03CA	0x0800      	MOVF       INDF, 0
0x03CB	0x3A07      	XORLW      7
0x03CC	0x1903      	BTFSC      STATUS, 2
0x03CD	0x2B04      	GOTO       L_main22
0x03CE	0x0873      	MOVF       R3, 0
0x03CF	0x0084      	MOVWF      FSR
0x03D0	0x0800      	MOVF       INDF, 0
0x03D1	0x3A08      	XORLW      8
0x03D2	0x1903      	BTFSC      STATUS, 2
0x03D3	0x2B14      	GOTO       L_main23
0x03D4	0x0873      	MOVF       R3, 0
0x03D5	0x0084      	MOVWF      FSR
0x03D6	0x0800      	MOVF       INDF, 0
0x03D7	0x3A09      	XORLW      9
0x03D8	0x1903      	BTFSC      STATUS, 2
0x03D9	0x2B24      	GOTO       L_main24
0x03DA	0x0873      	MOVF       R3, 0
0x03DB	0x0084      	MOVWF      FSR
0x03DC	0x0800      	MOVF       INDF, 0
0x03DD	0x3A0A      	XORLW      10
0x03DE	0x1903      	BTFSC      STATUS, 2
0x03DF	0x2B34      	GOTO       L_main25
0x03E0	0x0873      	MOVF       R3, 0
0x03E1	0x0084      	MOVWF      FSR
0x03E2	0x0800      	MOVF       INDF, 0
0x03E3	0x3A0B      	XORLW      11
0x03E4	0x1903      	BTFSC      STATUS, 2
0x03E5	0x2B44      	GOTO       L_main26
0x03E6	0x0873      	MOVF       R3, 0
0x03E7	0x0084      	MOVWF      FSR
0x03E8	0x0800      	MOVF       INDF, 0
0x03E9	0x3A0C      	XORLW      12
0x03EA	0x1903      	BTFSC      STATUS, 2
0x03EB	0x2B54      	GOTO       L_main27
0x03EC	0x0873      	MOVF       R3, 0
0x03ED	0x0084      	MOVWF      FSR
0x03EE	0x0800      	MOVF       INDF, 0
0x03EF	0x3A0D      	XORLW      13
0x03F0	0x1903      	BTFSC      STATUS, 2
0x03F1	0x2B64      	GOTO       L_main28
0x03F2	0x0873      	MOVF       R3, 0
0x03F3	0x0084      	MOVWF      FSR
0x03F4	0x0800      	MOVF       INDF, 0
0x03F5	0x3A0E      	XORLW      14
0x03F6	0x1903      	BTFSC      STATUS, 2
0x03F7	0x2B74      	GOTO       L_main29
0x03F8	0x0873      	MOVF       R3, 0
0x03F9	0x0084      	MOVWF      FSR
0x03FA	0x0800      	MOVF       INDF, 0
0x03FB	0x3A0F      	XORLW      15
0x03FC	0x1903      	BTFSC      STATUS, 2
0x03FD	0x2B84      	GOTO       L_main30
0x03FE	0x0873      	MOVF       R3, 0
0x03FF	0x0084      	MOVWF      FSR
0x0400	0x0800      	MOVF       INDF, 0
0x0401	0x3A10      	XORLW      16
0x0402	0x1903      	BTFSC      STATUS, 2
0x0403	0x2B94      	GOTO       L_main31
L_main15:
;CLOCK.c,83 :: 		if(time[0]>=51 || time[0]<=47 )
0x0404	0x3080      	MOVLW      128
0x0405	0x064D      	XORWF      main_time_L0+1, 0
0x0406	0x00F0      	MOVWF      R0
0x0407	0x3080      	MOVLW      128
0x0408	0x0270      	SUBWF      R0, 0
0x0409	0x1D03      	BTFSS      STATUS, 2
0x040A	0x2C0D      	GOTO       L__main104
0x040B	0x3033      	MOVLW      51
0x040C	0x024C      	SUBWF      main_time_L0, 0
L__main104:
0x040D	0x1803      	BTFSC      STATUS, 0
0x040E	0x2C1B      	GOTO       L__main100
0x040F	0x3080      	MOVLW      128
0x0410	0x00F0      	MOVWF      R0
0x0411	0x3080      	MOVLW      128
0x0412	0x064D      	XORWF      main_time_L0+1, 0
0x0413	0x0270      	SUBWF      R0, 0
0x0414	0x1D03      	BTFSS      STATUS, 2
0x0415	0x2C18      	GOTO       L__main105
0x0416	0x084C      	MOVF       main_time_L0, 0
0x0417	0x3C2F      	SUBLW      47
L__main105:
0x0418	0x1803      	BTFSC      STATUS, 0
0x0419	0x2C1B      	GOTO       L__main100
0x041A	0x2C1C      	GOTO       L_main34
L__main100:
;CLOCK.c,84 :: 		goto hhcorect;
0x041B	0x2A8B      	GOTO       ___main_hhcorect
L_main34:
;CLOCK.c,85 :: 		if (i==1 && time[0]==50 )
0x041C	0x3000      	MOVLW      0
0x041D	0x0661      	XORWF      main_i_L0+1, 0
0x041E	0x1D03      	BTFSS      STATUS, 2
0x041F	0x2C22      	GOTO       L__main106
0x0420	0x3001      	MOVLW      1
0x0421	0x0660      	XORWF      main_i_L0, 0
L__main106:
0x0422	0x1D03      	BTFSS      STATUS, 2
0x0423	0x2C44      	GOTO       L_main37
0x0424	0x3000      	MOVLW      0
0x0425	0x064D      	XORWF      main_time_L0+1, 0
0x0426	0x1D03      	BTFSS      STATUS, 2
0x0427	0x2C2A      	GOTO       L__main107
0x0428	0x3032      	MOVLW      50
0x0429	0x064C      	XORWF      main_time_L0, 0
L__main107:
0x042A	0x1D03      	BTFSS      STATUS, 2
0x042B	0x2C44      	GOTO       L_main37
L__main99:
;CLOCK.c,87 :: 		if (time[1]>=52 || time[1]<=47)
0x042C	0x3080      	MOVLW      128
0x042D	0x064F      	XORWF      main_time_L0+3, 0
0x042E	0x00F0      	MOVWF      R0
0x042F	0x3080      	MOVLW      128
0x0430	0x0270      	SUBWF      R0, 0
0x0431	0x1D03      	BTFSS      STATUS, 2
0x0432	0x2C35      	GOTO       L__main108
0x0433	0x3034      	MOVLW      52
0x0434	0x024E      	SUBWF      main_time_L0+2, 0
L__main108:
0x0435	0x1803      	BTFSC      STATUS, 0
0x0436	0x2C43      	GOTO       L__main98
0x0437	0x3080      	MOVLW      128
0x0438	0x00F0      	MOVWF      R0
0x0439	0x3080      	MOVLW      128
0x043A	0x064F      	XORWF      main_time_L0+3, 0
0x043B	0x0270      	SUBWF      R0, 0
0x043C	0x1D03      	BTFSS      STATUS, 2
0x043D	0x2C40      	GOTO       L__main109
0x043E	0x084E      	MOVF       main_time_L0+2, 0
0x043F	0x3C2F      	SUBLW      47
L__main109:
0x0440	0x1803      	BTFSC      STATUS, 0
0x0441	0x2C43      	GOTO       L__main98
0x0442	0x2C44      	GOTO       L_main40
L__main98:
;CLOCK.c,88 :: 		goto hhcorect;
0x0443	0x2A8B      	GOTO       ___main_hhcorect
L_main40:
;CLOCK.c,89 :: 		}
L_main37:
;CLOCK.c,90 :: 		if(i==1 && time[0]<50 )
0x0444	0x3000      	MOVLW      0
0x0445	0x0661      	XORWF      main_i_L0+1, 0
0x0446	0x1D03      	BTFSS      STATUS, 2
0x0447	0x2C4A      	GOTO       L__main110
0x0448	0x3001      	MOVLW      1
0x0449	0x0660      	XORWF      main_i_L0, 0
L__main110:
0x044A	0x1D03      	BTFSS      STATUS, 2
0x044B	0x2C6F      	GOTO       L_main43
0x044C	0x3080      	MOVLW      128
0x044D	0x064D      	XORWF      main_time_L0+1, 0
0x044E	0x00F0      	MOVWF      R0
0x044F	0x3080      	MOVLW      128
0x0450	0x0270      	SUBWF      R0, 0
0x0451	0x1D03      	BTFSS      STATUS, 2
0x0452	0x2C55      	GOTO       L__main111
0x0453	0x3032      	MOVLW      50
0x0454	0x024C      	SUBWF      main_time_L0, 0
L__main111:
0x0455	0x1803      	BTFSC      STATUS, 0
0x0456	0x2C6F      	GOTO       L_main43
L__main97:
;CLOCK.c,92 :: 		if (time[1]>=58 || time[1]<=47)
0x0457	0x3080      	MOVLW      128
0x0458	0x064F      	XORWF      main_time_L0+3, 0
0x0459	0x00F0      	MOVWF      R0
0x045A	0x3080      	MOVLW      128
0x045B	0x0270      	SUBWF      R0, 0
0x045C	0x1D03      	BTFSS      STATUS, 2
0x045D	0x2C60      	GOTO       L__main112
0x045E	0x303A      	MOVLW      58
0x045F	0x024E      	SUBWF      main_time_L0+2, 0
L__main112:
0x0460	0x1803      	BTFSC      STATUS, 0
0x0461	0x2C6E      	GOTO       L__main96
0x0462	0x3080      	MOVLW      128
0x0463	0x00F0      	MOVWF      R0
0x0464	0x3080      	MOVLW      128
0x0465	0x064F      	XORWF      main_time_L0+3, 0
0x0466	0x0270      	SUBWF      R0, 0
0x0467	0x1D03      	BTFSS      STATUS, 2
0x0468	0x2C6B      	GOTO       L__main113
0x0469	0x084E      	MOVF       main_time_L0+2, 0
0x046A	0x3C2F      	SUBLW      47
L__main113:
0x046B	0x1803      	BTFSC      STATUS, 0
0x046C	0x2C6E      	GOTO       L__main96
0x046D	0x2C6F      	GOTO       L_main46
L__main96:
;CLOCK.c,93 :: 		goto hhcorect;
0x046E	0x2A8B      	GOTO       ___main_hhcorect
L_main46:
;CLOCK.c,94 :: 		}
L_main43:
;CLOCK.c,95 :: 		Lcd_chr(1,i+5,time[i]);
0x046F	0x3001      	MOVLW      1
0x0470	0x00E2      	MOVWF      FARG_Lcd_Chr_row
0x0471	0x3005      	MOVLW      5
0x0472	0x0760      	ADDWF      main_i_L0, 0
0x0473	0x00E3      	MOVWF      FARG_Lcd_Chr_column
0x0474	0x0860      	MOVF       main_i_L0, 0
0x0475	0x00F0      	MOVWF      R0
0x0476	0x0861      	MOVF       main_i_L0+1, 0
0x0477	0x00F1      	MOVWF      R0+1
0x0478	0x0DF0      	RLF        R0, 1
0x0479	0x0DF1      	RLF        R0+1, 1
0x047A	0x1070      	BCF        R0, 0
0x047B	0x0870      	MOVF       R0, 0
0x047C	0x3ECC      	ADDLW      main_time_L0
0x047D	0x0084      	MOVWF      FSR
0x047E	0x0800      	MOVF       INDF, 0
0x047F	0x00E4      	MOVWF      FARG_Lcd_Chr_out_char
0x0480	0x20C6      	CALL       _Lcd_Chr
;CLOCK.c,96 :: 		i++;
0x0481	0x1683      	BSF        STATUS, 5
0x0482	0x0AE0      	INCF       main_i_L0, 1
0x0483	0x1903      	BTFSC      STATUS, 2
0x0484	0x0AE1      	INCF       main_i_L0+1, 1
;CLOCK.c,97 :: 		}
0x0485	0x2A7F      	GOTO       L_main9
L_main10:
;CLOCK.c,100 :: 		while(2<=i && i<4) {
L_main47:
0x0486	0x3080      	MOVLW      128
0x0487	0x0661      	XORWF      main_i_L0+1, 0
0x0488	0x00F0      	MOVWF      R0
0x0489	0x3080      	MOVLW      128
0x048A	0x0270      	SUBWF      R0, 0
0x048B	0x1D03      	BTFSS      STATUS, 2
0x048C	0x2C8F      	GOTO       L__main114
0x048D	0x3002      	MOVLW      2
0x048E	0x0260      	SUBWF      main_i_L0, 0
L__main114:
0x048F	0x1C03      	BTFSS      STATUS, 0
0x0490	0x2E64      	GOTO       L_main48
0x0491	0x3080      	MOVLW      128
0x0492	0x0661      	XORWF      main_i_L0+1, 0
0x0493	0x00F0      	MOVWF      R0
0x0494	0x3080      	MOVLW      128
0x0495	0x0270      	SUBWF      R0, 0
0x0496	0x1D03      	BTFSS      STATUS, 2
0x0497	0x2C9A      	GOTO       L__main115
0x0498	0x3004      	MOVLW      4
0x0499	0x0260      	SUBWF      main_i_L0, 0
L__main115:
0x049A	0x1803      	BTFSC      STATUS, 0
0x049B	0x2E64      	GOTO       L_main48
L__main95:
;CLOCK.c,101 :: 		mmcorect:
___main_mmcorect:
;CLOCK.c,102 :: 		kp[i] = 0;
0x049C	0x0860      	MOVF       main_i_L0, 0
0x049D	0x3E69      	ADDLW      _kp
0x049E	0x0084      	MOVWF      FSR
0x049F	0x0180      	CLRF       INDF
;CLOCK.c,103 :: 		do
L_main51:
;CLOCK.c,105 :: 		kp[i] = keypad_key_click();
0x04A0	0x0860      	MOVF       main_i_L0, 0
0x04A1	0x3E69      	ADDLW      _kp
0x04A2	0x1283      	BCF        STATUS, 5
0x04A3	0x00EF      	MOVWF      FLOC__main
0x04A4	0x20B7      	CALL       _Keypad_Key_Click
0x04A5	0x1283      	BCF        STATUS, 5
0x04A6	0x086F      	MOVF       FLOC__main, 0
0x04A7	0x0084      	MOVWF      FSR
0x04A8	0x0870      	MOVF       R0, 0
0x04A9	0x0080      	MOVWF      INDF
;CLOCK.c,106 :: 		}while(!kp[i]);
0x04AA	0x1683      	BSF        STATUS, 5
0x04AB	0x0860      	MOVF       main_i_L0, 0
0x04AC	0x3E69      	ADDLW      _kp
0x04AD	0x0084      	MOVWF      FSR
0x04AE	0x0800      	MOVF       INDF, 0
0x04AF	0x1903      	BTFSC      STATUS, 2
0x04B0	0x2CA0      	GOTO       L_main51
;CLOCK.c,108 :: 		switch(kp[i])
0x04B1	0x0860      	MOVF       main_i_L0, 0
0x04B2	0x3E69      	ADDLW      _kp
0x04B3	0x00F3      	MOVWF      R3
0x04B4	0x2DB5      	GOTO       L_main54
;CLOCK.c,110 :: 		case 1 : time[i] = 55; break;
L_main56:
0x04B5	0x0860      	MOVF       main_i_L0, 0
0x04B6	0x00F0      	MOVWF      R0
0x04B7	0x0861      	MOVF       main_i_L0+1, 0
0x04B8	0x00F1      	MOVWF      R0+1
0x04B9	0x0DF0      	RLF        R0, 1
0x04BA	0x0DF1      	RLF        R0+1, 1
0x04BB	0x1070      	BCF        R0, 0
0x04BC	0x0870      	MOVF       R0, 0
0x04BD	0x3ECC      	ADDLW      main_time_L0
0x04BE	0x0084      	MOVWF      FSR
0x04BF	0x3037      	MOVLW      55
0x04C0	0x0080      	MOVWF      INDF
0x04C1	0x3000      	MOVLW      0
0x04C2	0x0A84      	INCF       FSR, 1
0x04C3	0x0080      	MOVWF      INDF
0x04C4	0x2E15      	GOTO       L_main55
;CLOCK.c,111 :: 		case 2 : time[i] = 52; break;
L_main57:
0x04C5	0x0860      	MOVF       main_i_L0, 0
0x04C6	0x00F0      	MOVWF      R0
0x04C7	0x0861      	MOVF       main_i_L0+1, 0
0x04C8	0x00F1      	MOVWF      R0+1
0x04C9	0x0DF0      	RLF        R0, 1
0x04CA	0x0DF1      	RLF        R0+1, 1
0x04CB	0x1070      	BCF        R0, 0
0x04CC	0x0870      	MOVF       R0, 0
0x04CD	0x3ECC      	ADDLW      main_time_L0
0x04CE	0x0084      	MOVWF      FSR
0x04CF	0x3034      	MOVLW      52
0x04D0	0x0080      	MOVWF      INDF
0x04D1	0x3000      	MOVLW      0
0x04D2	0x0A84      	INCF       FSR, 1
0x04D3	0x0080      	MOVWF      INDF
0x04D4	0x2E15      	GOTO       L_main55
;CLOCK.c,112 :: 		case 3 : time[i] = 49; break;
L_main58:
0x04D5	0x0860      	MOVF       main_i_L0, 0
0x04D6	0x00F0      	MOVWF      R0
0x04D7	0x0861      	MOVF       main_i_L0+1, 0
0x04D8	0x00F1      	MOVWF      R0+1
0x04D9	0x0DF0      	RLF        R0, 1
0x04DA	0x0DF1      	RLF        R0+1, 1
0x04DB	0x1070      	BCF        R0, 0
0x04DC	0x0870      	MOVF       R0, 0
0x04DD	0x3ECC      	ADDLW      main_time_L0
0x04DE	0x0084      	MOVWF      FSR
0x04DF	0x3031      	MOVLW      49
0x04E0	0x0080      	MOVWF      INDF
0x04E1	0x3000      	MOVLW      0
0x04E2	0x0A84      	INCF       FSR, 1
0x04E3	0x0080      	MOVWF      INDF
0x04E4	0x2E15      	GOTO       L_main55
;CLOCK.c,113 :: 		case 4 : time[i] = 67; break;
L_main59:
0x04E5	0x0860      	MOVF       main_i_L0, 0
0x04E6	0x00F0      	MOVWF      R0
0x04E7	0x0861      	MOVF       main_i_L0+1, 0
0x04E8	0x00F1      	MOVWF      R0+1
0x04E9	0x0DF0      	RLF        R0, 1
0x04EA	0x0DF1      	RLF        R0+1, 1
0x04EB	0x1070      	BCF        R0, 0
0x04EC	0x0870      	MOVF       R0, 0
0x04ED	0x3ECC      	ADDLW      main_time_L0
0x04EE	0x0084      	MOVWF      FSR
0x04EF	0x3043      	MOVLW      67
0x04F0	0x0080      	MOVWF      INDF
0x04F1	0x3000      	MOVLW      0
0x04F2	0x0A84      	INCF       FSR, 1
0x04F3	0x0080      	MOVWF      INDF
0x04F4	0x2E15      	GOTO       L_main55
;CLOCK.c,114 :: 		case 5 : time[i] = 56; break;
L_main60:
0x04F5	0x0860      	MOVF       main_i_L0, 0
0x04F6	0x00F0      	MOVWF      R0
0x04F7	0x0861      	MOVF       main_i_L0+1, 0
0x04F8	0x00F1      	MOVWF      R0+1
0x04F9	0x0DF0      	RLF        R0, 1
0x04FA	0x0DF1      	RLF        R0+1, 1
0x04FB	0x1070      	BCF        R0, 0
0x04FC	0x0870      	MOVF       R0, 0
0x04FD	0x3ECC      	ADDLW      main_time_L0
0x04FE	0x0084      	MOVWF      FSR
0x04FF	0x3038      	MOVLW      56
0x0500	0x0080      	MOVWF      INDF
0x0501	0x3000      	MOVLW      0
0x0502	0x0A84      	INCF       FSR, 1
0x0503	0x0080      	MOVWF      INDF
0x0504	0x2E15      	GOTO       L_main55
;CLOCK.c,115 :: 		case 6 : time[i] = 53; break;
L_main61:
0x0505	0x0860      	MOVF       main_i_L0, 0
0x0506	0x00F0      	MOVWF      R0
0x0507	0x0861      	MOVF       main_i_L0+1, 0
0x0508	0x00F1      	MOVWF      R0+1
0x0509	0x0DF0      	RLF        R0, 1
0x050A	0x0DF1      	RLF        R0+1, 1
0x050B	0x1070      	BCF        R0, 0
0x050C	0x0870      	MOVF       R0, 0
0x050D	0x3ECC      	ADDLW      main_time_L0
0x050E	0x0084      	MOVWF      FSR
0x050F	0x3035      	MOVLW      53
0x0510	0x0080      	MOVWF      INDF
0x0511	0x3000      	MOVLW      0
0x0512	0x0A84      	INCF       FSR, 1
0x0513	0x0080      	MOVWF      INDF
0x0514	0x2E15      	GOTO       L_main55
;CLOCK.c,116 :: 		case 7 : time[i] = 50; break;
L_main62:
0x0515	0x0860      	MOVF       main_i_L0, 0
0x0516	0x00F0      	MOVWF      R0
0x0517	0x0861      	MOVF       main_i_L0+1, 0
0x0518	0x00F1      	MOVWF      R0+1
0x0519	0x0DF0      	RLF        R0, 1
0x051A	0x0DF1      	RLF        R0+1, 1
0x051B	0x1070      	BCF        R0, 0
0x051C	0x0870      	MOVF       R0, 0
0x051D	0x3ECC      	ADDLW      main_time_L0
0x051E	0x0084      	MOVWF      FSR
0x051F	0x3032      	MOVLW      50
0x0520	0x0080      	MOVWF      INDF
0x0521	0x3000      	MOVLW      0
0x0522	0x0A84      	INCF       FSR, 1
0x0523	0x0080      	MOVWF      INDF
0x0524	0x2E15      	GOTO       L_main55
;CLOCK.c,117 :: 		case 8 : time[i] = 48; break;
L_main63:
0x0525	0x0860      	MOVF       main_i_L0, 0
0x0526	0x00F0      	MOVWF      R0
0x0527	0x0861      	MOVF       main_i_L0+1, 0
0x0528	0x00F1      	MOVWF      R0+1
0x0529	0x0DF0      	RLF        R0, 1
0x052A	0x0DF1      	RLF        R0+1, 1
0x052B	0x1070      	BCF        R0, 0
0x052C	0x0870      	MOVF       R0, 0
0x052D	0x3ECC      	ADDLW      main_time_L0
0x052E	0x0084      	MOVWF      FSR
0x052F	0x3030      	MOVLW      48
0x0530	0x0080      	MOVWF      INDF
0x0531	0x3000      	MOVLW      0
0x0532	0x0A84      	INCF       FSR, 1
0x0533	0x0080      	MOVWF      INDF
0x0534	0x2E15      	GOTO       L_main55
;CLOCK.c,118 :: 		case 9 : time[i] = 57; break;
L_main64:
0x0535	0x0860      	MOVF       main_i_L0, 0
0x0536	0x00F0      	MOVWF      R0
0x0537	0x0861      	MOVF       main_i_L0+1, 0
0x0538	0x00F1      	MOVWF      R0+1
0x0539	0x0DF0      	RLF        R0, 1
0x053A	0x0DF1      	RLF        R0+1, 1
0x053B	0x1070      	BCF        R0, 0
0x053C	0x0870      	MOVF       R0, 0
0x053D	0x3ECC      	ADDLW      main_time_L0
0x053E	0x0084      	MOVWF      FSR
0x053F	0x3039      	MOVLW      57
0x0540	0x0080      	MOVWF      INDF
0x0541	0x3000      	MOVLW      0
0x0542	0x0A84      	INCF       FSR, 1
0x0543	0x0080      	MOVWF      INDF
0x0544	0x2E15      	GOTO       L_main55
;CLOCK.c,119 :: 		case 10: time[i] = 54; break;
L_main65:
0x0545	0x0860      	MOVF       main_i_L0, 0
0x0546	0x00F0      	MOVWF      R0
0x0547	0x0861      	MOVF       main_i_L0+1, 0
0x0548	0x00F1      	MOVWF      R0+1
0x0549	0x0DF0      	RLF        R0, 1
0x054A	0x0DF1      	RLF        R0+1, 1
0x054B	0x1070      	BCF        R0, 0
0x054C	0x0870      	MOVF       R0, 0
0x054D	0x3ECC      	ADDLW      main_time_L0
0x054E	0x0084      	MOVWF      FSR
0x054F	0x3036      	MOVLW      54
0x0550	0x0080      	MOVWF      INDF
0x0551	0x3000      	MOVLW      0
0x0552	0x0A84      	INCF       FSR, 1
0x0553	0x0080      	MOVWF      INDF
0x0554	0x2E15      	GOTO       L_main55
;CLOCK.c,120 :: 		case 11: time[i] = 51; break;
L_main66:
0x0555	0x0860      	MOVF       main_i_L0, 0
0x0556	0x00F0      	MOVWF      R0
0x0557	0x0861      	MOVF       main_i_L0+1, 0
0x0558	0x00F1      	MOVWF      R0+1
0x0559	0x0DF0      	RLF        R0, 1
0x055A	0x0DF1      	RLF        R0+1, 1
0x055B	0x1070      	BCF        R0, 0
0x055C	0x0870      	MOVF       R0, 0
0x055D	0x3ECC      	ADDLW      main_time_L0
0x055E	0x0084      	MOVWF      FSR
0x055F	0x3033      	MOVLW      51
0x0560	0x0080      	MOVWF      INDF
0x0561	0x3000      	MOVLW      0
0x0562	0x0A84      	INCF       FSR, 1
0x0563	0x0080      	MOVWF      INDF
0x0564	0x2E15      	GOTO       L_main55
;CLOCK.c,121 :: 		case 12: time[i] = 61; break;
L_main67:
0x0565	0x0860      	MOVF       main_i_L0, 0
0x0566	0x00F0      	MOVWF      R0
0x0567	0x0861      	MOVF       main_i_L0+1, 0
0x0568	0x00F1      	MOVWF      R0+1
0x0569	0x0DF0      	RLF        R0, 1
0x056A	0x0DF1      	RLF        R0+1, 1
0x056B	0x1070      	BCF        R0, 0
0x056C	0x0870      	MOVF       R0, 0
0x056D	0x3ECC      	ADDLW      main_time_L0
0x056E	0x0084      	MOVWF      FSR
0x056F	0x303D      	MOVLW      61
0x0570	0x0080      	MOVWF      INDF
0x0571	0x3000      	MOVLW      0
0x0572	0x0A84      	INCF       FSR, 1
0x0573	0x0080      	MOVWF      INDF
0x0574	0x2E15      	GOTO       L_main55
;CLOCK.c,122 :: 		case 13: time[i] = 47;break;
L_main68:
0x0575	0x0860      	MOVF       main_i_L0, 0
0x0576	0x00F0      	MOVWF      R0
0x0577	0x0861      	MOVF       main_i_L0+1, 0
0x0578	0x00F1      	MOVWF      R0+1
0x0579	0x0DF0      	RLF        R0, 1
0x057A	0x0DF1      	RLF        R0+1, 1
0x057B	0x1070      	BCF        R0, 0
0x057C	0x0870      	MOVF       R0, 0
0x057D	0x3ECC      	ADDLW      main_time_L0
0x057E	0x0084      	MOVWF      FSR
0x057F	0x302F      	MOVLW      47
0x0580	0x0080      	MOVWF      INDF
0x0581	0x3000      	MOVLW      0
0x0582	0x0A84      	INCF       FSR, 1
0x0583	0x0080      	MOVWF      INDF
0x0584	0x2E15      	GOTO       L_main55
;CLOCK.c,123 :: 		case 14: time[i] = 42; break;
L_main69:
0x0585	0x0860      	MOVF       main_i_L0, 0
0x0586	0x00F0      	MOVWF      R0
0x0587	0x0861      	MOVF       main_i_L0+1, 0
0x0588	0x00F1      	MOVWF      R0+1
0x0589	0x0DF0      	RLF        R0, 1
0x058A	0x0DF1      	RLF        R0+1, 1
0x058B	0x1070      	BCF        R0, 0
0x058C	0x0870      	MOVF       R0, 0
0x058D	0x3ECC      	ADDLW      main_time_L0
0x058E	0x0084      	MOVWF      FSR
0x058F	0x302A      	MOVLW      42
0x0590	0x0080      	MOVWF      INDF
0x0591	0x3000      	MOVLW      0
0x0592	0x0A84      	INCF       FSR, 1
0x0593	0x0080      	MOVWF      INDF
0x0594	0x2E15      	GOTO       L_main55
;CLOCK.c,124 :: 		case 15: time[i] = 45; break;
L_main70:
0x0595	0x0860      	MOVF       main_i_L0, 0
0x0596	0x00F0      	MOVWF      R0
0x0597	0x0861      	MOVF       main_i_L0+1, 0
0x0598	0x00F1      	MOVWF      R0+1
0x0599	0x0DF0      	RLF        R0, 1
0x059A	0x0DF1      	RLF        R0+1, 1
0x059B	0x1070      	BCF        R0, 0
0x059C	0x0870      	MOVF       R0, 0
0x059D	0x3ECC      	ADDLW      main_time_L0
0x059E	0x0084      	MOVWF      FSR
0x059F	0x302D      	MOVLW      45
0x05A0	0x0080      	MOVWF      INDF
0x05A1	0x3000      	MOVLW      0
0x05A2	0x0A84      	INCF       FSR, 1
0x05A3	0x0080      	MOVWF      INDF
0x05A4	0x2E15      	GOTO       L_main55
;CLOCK.c,125 :: 		case 16: time[i] = 43; break;
L_main71:
0x05A5	0x0860      	MOVF       main_i_L0, 0
0x05A6	0x00F0      	MOVWF      R0
0x05A7	0x0861      	MOVF       main_i_L0+1, 0
0x05A8	0x00F1      	MOVWF      R0+1
0x05A9	0x0DF0      	RLF        R0, 1
0x05AA	0x0DF1      	RLF        R0+1, 1
0x05AB	0x1070      	BCF        R0, 0
0x05AC	0x0870      	MOVF       R0, 0
0x05AD	0x3ECC      	ADDLW      main_time_L0
0x05AE	0x0084      	MOVWF      FSR
0x05AF	0x302B      	MOVLW      43
0x05B0	0x0080      	MOVWF      INDF
0x05B1	0x3000      	MOVLW      0
0x05B2	0x0A84      	INCF       FSR, 1
0x05B3	0x0080      	MOVWF      INDF
0x05B4	0x2E15      	GOTO       L_main55
;CLOCK.c,126 :: 		}
L_main54:
0x05B5	0x0873      	MOVF       R3, 0
0x05B6	0x0084      	MOVWF      FSR
0x05B7	0x0800      	MOVF       INDF, 0
0x05B8	0x3A01      	XORLW      1
0x05B9	0x1903      	BTFSC      STATUS, 2
0x05BA	0x2CB5      	GOTO       L_main56
0x05BB	0x0873      	MOVF       R3, 0
0x05BC	0x0084      	MOVWF      FSR
0x05BD	0x0800      	MOVF       INDF, 0
0x05BE	0x3A02      	XORLW      2
0x05BF	0x1903      	BTFSC      STATUS, 2
0x05C0	0x2CC5      	GOTO       L_main57
0x05C1	0x0873      	MOVF       R3, 0
0x05C2	0x0084      	MOVWF      FSR
0x05C3	0x0800      	MOVF       INDF, 0
0x05C4	0x3A03      	XORLW      3
0x05C5	0x1903      	BTFSC      STATUS, 2
0x05C6	0x2CD5      	GOTO       L_main58
0x05C7	0x0873      	MOVF       R3, 0
0x05C8	0x0084      	MOVWF      FSR
0x05C9	0x0800      	MOVF       INDF, 0
0x05CA	0x3A04      	XORLW      4
0x05CB	0x1903      	BTFSC      STATUS, 2
0x05CC	0x2CE5      	GOTO       L_main59
0x05CD	0x0873      	MOVF       R3, 0
0x05CE	0x0084      	MOVWF      FSR
0x05CF	0x0800      	MOVF       INDF, 0
0x05D0	0x3A05      	XORLW      5
0x05D1	0x1903      	BTFSC      STATUS, 2
0x05D2	0x2CF5      	GOTO       L_main60
0x05D3	0x0873      	MOVF       R3, 0
0x05D4	0x0084      	MOVWF      FSR
0x05D5	0x0800      	MOVF       INDF, 0
0x05D6	0x3A06      	XORLW      6
0x05D7	0x1903      	BTFSC      STATUS, 2
0x05D8	0x2D05      	GOTO       L_main61
0x05D9	0x0873      	MOVF       R3, 0
0x05DA	0x0084      	MOVWF      FSR
0x05DB	0x0800      	MOVF       INDF, 0
0x05DC	0x3A07      	XORLW      7
0x05DD	0x1903      	BTFSC      STATUS, 2
0x05DE	0x2D15      	GOTO       L_main62
0x05DF	0x0873      	MOVF       R3, 0
0x05E0	0x0084      	MOVWF      FSR
0x05E1	0x0800      	MOVF       INDF, 0
0x05E2	0x3A08      	XORLW      8
0x05E3	0x1903      	BTFSC      STATUS, 2
0x05E4	0x2D25      	GOTO       L_main63
0x05E5	0x0873      	MOVF       R3, 0
0x05E6	0x0084      	MOVWF      FSR
0x05E7	0x0800      	MOVF       INDF, 0
0x05E8	0x3A09      	XORLW      9
0x05E9	0x1903      	BTFSC      STATUS, 2
0x05EA	0x2D35      	GOTO       L_main64
0x05EB	0x0873      	MOVF       R3, 0
0x05EC	0x0084      	MOVWF      FSR
0x05ED	0x0800      	MOVF       INDF, 0
0x05EE	0x3A0A      	XORLW      10
0x05EF	0x1903      	BTFSC      STATUS, 2
0x05F0	0x2D45      	GOTO       L_main65
0x05F1	0x0873      	MOVF       R3, 0
0x05F2	0x0084      	MOVWF      FSR
0x05F3	0x0800      	MOVF       INDF, 0
0x05F4	0x3A0B      	XORLW      11
0x05F5	0x1903      	BTFSC      STATUS, 2
0x05F6	0x2D55      	GOTO       L_main66
0x05F7	0x0873      	MOVF       R3, 0
0x05F8	0x0084      	MOVWF      FSR
0x05F9	0x0800      	MOVF       INDF, 0
0x05FA	0x3A0C      	XORLW      12
0x05FB	0x1903      	BTFSC      STATUS, 2
0x05FC	0x2D65      	GOTO       L_main67
0x05FD	0x0873      	MOVF       R3, 0
0x05FE	0x0084      	MOVWF      FSR
0x05FF	0x0800      	MOVF       INDF, 0
0x0600	0x3A0D      	XORLW      13
0x0601	0x1903      	BTFSC      STATUS, 2
0x0602	0x2D75      	GOTO       L_main68
0x0603	0x0873      	MOVF       R3, 0
0x0604	0x0084      	MOVWF      FSR
0x0605	0x0800      	MOVF       INDF, 0
0x0606	0x3A0E      	XORLW      14
0x0607	0x1903      	BTFSC      STATUS, 2
0x0608	0x2D85      	GOTO       L_main69
0x0609	0x0873      	MOVF       R3, 0
0x060A	0x0084      	MOVWF      FSR
0x060B	0x0800      	MOVF       INDF, 0
0x060C	0x3A0F      	XORLW      15
0x060D	0x1903      	BTFSC      STATUS, 2
0x060E	0x2D95      	GOTO       L_main70
0x060F	0x0873      	MOVF       R3, 0
0x0610	0x0084      	MOVWF      FSR
0x0611	0x0800      	MOVF       INDF, 0
0x0612	0x3A10      	XORLW      16
0x0613	0x1903      	BTFSC      STATUS, 2
0x0614	0x2DA5      	GOTO       L_main71
L_main55:
;CLOCK.c,127 :: 		if (time[2] >= 54 || time[2]<= 47)
0x0615	0x3080      	MOVLW      128
0x0616	0x0651      	XORWF      main_time_L0+5, 0
0x0617	0x00F0      	MOVWF      R0
0x0618	0x3080      	MOVLW      128
0x0619	0x0270      	SUBWF      R0, 0
0x061A	0x1D03      	BTFSS      STATUS, 2
0x061B	0x2E1E      	GOTO       L__main116
0x061C	0x3036      	MOVLW      54
0x061D	0x0250      	SUBWF      main_time_L0+4, 0
L__main116:
0x061E	0x1803      	BTFSC      STATUS, 0
0x061F	0x2E2C      	GOTO       L__main94
0x0620	0x3080      	MOVLW      128
0x0621	0x00F0      	MOVWF      R0
0x0622	0x3080      	MOVLW      128
0x0623	0x0651      	XORWF      main_time_L0+5, 0
0x0624	0x0270      	SUBWF      R0, 0
0x0625	0x1D03      	BTFSS      STATUS, 2
0x0626	0x2E29      	GOTO       L__main117
0x0627	0x0850      	MOVF       main_time_L0+4, 0
0x0628	0x3C2F      	SUBLW      47
L__main117:
0x0629	0x1803      	BTFSC      STATUS, 0
0x062A	0x2E2C      	GOTO       L__main94
0x062B	0x2E2D      	GOTO       L_main74
L__main94:
;CLOCK.c,128 :: 		goto mmcorect;
0x062C	0x2C9C      	GOTO       ___main_mmcorect
L_main74:
;CLOCK.c,129 :: 		if(i==3 && (time[3] >= 58 || time[3]<=47 ) )
0x062D	0x3000      	MOVLW      0
0x062E	0x0661      	XORWF      main_i_L0+1, 0
0x062F	0x1D03      	BTFSS      STATUS, 2
0x0630	0x2E33      	GOTO       L__main118
0x0631	0x3003      	MOVLW      3
0x0632	0x0660      	XORWF      main_i_L0, 0
L__main118:
0x0633	0x1D03      	BTFSS      STATUS, 2
0x0634	0x2E4D      	GOTO       L_main79
0x0635	0x3080      	MOVLW      128
0x0636	0x0653      	XORWF      main_time_L0+7, 0
0x0637	0x00F0      	MOVWF      R0
0x0638	0x3080      	MOVLW      128
0x0639	0x0270      	SUBWF      R0, 0
0x063A	0x1D03      	BTFSS      STATUS, 2
0x063B	0x2E3E      	GOTO       L__main119
0x063C	0x303A      	MOVLW      58
0x063D	0x0252      	SUBWF      main_time_L0+6, 0
L__main119:
0x063E	0x1803      	BTFSC      STATUS, 0
0x063F	0x2E4C      	GOTO       L__main93
0x0640	0x3080      	MOVLW      128
0x0641	0x00F0      	MOVWF      R0
0x0642	0x3080      	MOVLW      128
0x0643	0x0653      	XORWF      main_time_L0+7, 0
0x0644	0x0270      	SUBWF      R0, 0
0x0645	0x1D03      	BTFSS      STATUS, 2
0x0646	0x2E49      	GOTO       L__main120
0x0647	0x0852      	MOVF       main_time_L0+6, 0
0x0648	0x3C2F      	SUBLW      47
L__main120:
0x0649	0x1803      	BTFSC      STATUS, 0
0x064A	0x2E4C      	GOTO       L__main93
0x064B	0x2E4D      	GOTO       L_main79
L__main93:
L__main92:
;CLOCK.c,130 :: 		goto mmcorect;
0x064C	0x2C9C      	GOTO       ___main_mmcorect
L_main79:
;CLOCK.c,132 :: 		Lcd_chr(1,i+6,time[i]);
0x064D	0x3001      	MOVLW      1
0x064E	0x00E2      	MOVWF      FARG_Lcd_Chr_row
0x064F	0x3006      	MOVLW      6
0x0650	0x0760      	ADDWF      main_i_L0, 0
0x0651	0x00E3      	MOVWF      FARG_Lcd_Chr_column
0x0652	0x0860      	MOVF       main_i_L0, 0
0x0653	0x00F0      	MOVWF      R0
0x0654	0x0861      	MOVF       main_i_L0+1, 0
0x0655	0x00F1      	MOVWF      R0+1
0x0656	0x0DF0      	RLF        R0, 1
0x0657	0x0DF1      	RLF        R0+1, 1
0x0658	0x1070      	BCF        R0, 0
0x0659	0x0870      	MOVF       R0, 0
0x065A	0x3ECC      	ADDLW      main_time_L0
0x065B	0x0084      	MOVWF      FSR
0x065C	0x0800      	MOVF       INDF, 0
0x065D	0x00E4      	MOVWF      FARG_Lcd_Chr_out_char
0x065E	0x20C6      	CALL       _Lcd_Chr
;CLOCK.c,133 :: 		i++;
0x065F	0x1683      	BSF        STATUS, 5
0x0660	0x0AE0      	INCF       main_i_L0, 1
0x0661	0x1903      	BTFSC      STATUS, 2
0x0662	0x0AE1      	INCF       main_i_L0+1, 1
;CLOCK.c,134 :: 		}
0x0663	0x2C86      	GOTO       L_main47
L_main48:
;CLOCK.c,136 :: 		s1 = 48;
0x0664	0x3030      	MOVLW      48
0x0665	0x1283      	BCF        STATUS, 5
0x0666	0x00EB      	MOVWF      main_s1_L0
0x0667	0x3000      	MOVLW      0
0x0668	0x00EC      	MOVWF      main_s1_L0+1
;CLOCK.c,137 :: 		s2 = 48;
0x0669	0x3030      	MOVLW      48
0x066A	0x00ED      	MOVWF      main_s2_L0
0x066B	0x3000      	MOVLW      0
0x066C	0x00EE      	MOVWF      main_s2_L0+1
;CLOCK.c,138 :: 		m1 = time[3];
0x066D	0x1683      	BSF        STATUS, 5
0x066E	0x0852      	MOVF       main_time_L0+6, 0
0x066F	0x00D4      	MOVWF      main_m1_L0
0x0670	0x0853      	MOVF       main_time_L0+7, 0
0x0671	0x00D5      	MOVWF      main_m1_L0+1
;CLOCK.c,139 :: 		m2 = time[2];
0x0672	0x0850      	MOVF       main_time_L0+4, 0
0x0673	0x00D6      	MOVWF      main_m2_L0
0x0674	0x0851      	MOVF       main_time_L0+5, 0
0x0675	0x00D7      	MOVWF      main_m2_L0+1
;CLOCK.c,140 :: 		h1 = time[1];
0x0676	0x084E      	MOVF       main_time_L0+2, 0
0x0677	0x00D8      	MOVWF      main_h1_L0
0x0678	0x084F      	MOVF       main_time_L0+3, 0
0x0679	0x00D9      	MOVWF      main_h1_L0+1
;CLOCK.c,141 :: 		h2 = time[0];
0x067A	0x084C      	MOVF       main_time_L0, 0
0x067B	0x00DA      	MOVWF      main_h2_L0
0x067C	0x084D      	MOVF       main_time_L0+1, 0
0x067D	0x00DB      	MOVWF      main_h2_L0+1
;CLOCK.c,144 :: 		while (1)         {
L_main80:
;CLOCK.c,146 :: 		Lcd_Cmd(_LCD_CLEAR);
0x067E	0x3001      	MOVLW      1
0x067F	0x00EB      	MOVWF      FARG_Lcd_Cmd_out_char
0x0680	0x2018      	CALL       _Lcd_Cmd
;CLOCK.c,147 :: 		Lcd_chr(1,5,h2);
0x0681	0x3001      	MOVLW      1
0x0682	0x1683      	BSF        STATUS, 5
0x0683	0x00E2      	MOVWF      FARG_Lcd_Chr_row
0x0684	0x3005      	MOVLW      5
0x0685	0x00E3      	MOVWF      FARG_Lcd_Chr_column
0x0686	0x085A      	MOVF       main_h2_L0, 0
0x0687	0x00E4      	MOVWF      FARG_Lcd_Chr_out_char
0x0688	0x20C6      	CALL       _Lcd_Chr
;CLOCK.c,148 :: 		Lcd_chr_Cp(h1);
0x0689	0x1683      	BSF        STATUS, 5
0x068A	0x0858      	MOVF       main_h1_L0, 0
0x068B	0x00E6      	MOVWF      FARG_Lcd_Chr_CP_out_char
0x068C	0x2076      	CALL       _Lcd_Chr_CP
;CLOCK.c,149 :: 		Lcd_chr_Cp(':');
0x068D	0x303A      	MOVLW      58
0x068E	0x1683      	BSF        STATUS, 5
0x068F	0x00E6      	MOVWF      FARG_Lcd_Chr_CP_out_char
0x0690	0x2076      	CALL       _Lcd_Chr_CP
;CLOCK.c,150 :: 		Lcd_chr_Cp(m2);
0x0691	0x1683      	BSF        STATUS, 5
0x0692	0x0856      	MOVF       main_m2_L0, 0
0x0693	0x00E6      	MOVWF      FARG_Lcd_Chr_CP_out_char
0x0694	0x2076      	CALL       _Lcd_Chr_CP
;CLOCK.c,151 :: 		Lcd_chr_Cp(m1);
0x0695	0x1683      	BSF        STATUS, 5
0x0696	0x0854      	MOVF       main_m1_L0, 0
0x0697	0x00E6      	MOVWF      FARG_Lcd_Chr_CP_out_char
0x0698	0x2076      	CALL       _Lcd_Chr_CP
;CLOCK.c,152 :: 		Lcd_chr_Cp(':');
0x0699	0x303A      	MOVLW      58
0x069A	0x1683      	BSF        STATUS, 5
0x069B	0x00E6      	MOVWF      FARG_Lcd_Chr_CP_out_char
0x069C	0x2076      	CALL       _Lcd_Chr_CP
;CLOCK.c,153 :: 		Lcd_chr_Cp(s2);
0x069D	0x086D      	MOVF       main_s2_L0, 0
0x069E	0x1683      	BSF        STATUS, 5
0x069F	0x00E6      	MOVWF      FARG_Lcd_Chr_CP_out_char
0x06A0	0x2076      	CALL       _Lcd_Chr_CP
;CLOCK.c,154 :: 		Lcd_chr_Cp(s1);
0x06A1	0x086B      	MOVF       main_s1_L0, 0
0x06A2	0x1683      	BSF        STATUS, 5
0x06A3	0x00E6      	MOVWF      FARG_Lcd_Chr_CP_out_char
0x06A4	0x2076      	CALL       _Lcd_Chr_CP
;CLOCK.c,155 :: 		s1++;
0x06A5	0x0AEB      	INCF       main_s1_L0, 1
0x06A6	0x1903      	BTFSC      STATUS, 2
0x06A7	0x0AEC      	INCF       main_s1_L0+1, 1
;CLOCK.c,157 :: 		if (s1==58)
0x06A8	0x3000      	MOVLW      0
0x06A9	0x066C      	XORWF      main_s1_L0+1, 0
0x06AA	0x1D03      	BTFSS      STATUS, 2
0x06AB	0x2EAE      	GOTO       L__main121
0x06AC	0x303A      	MOVLW      58
0x06AD	0x066B      	XORWF      main_s1_L0, 0
L__main121:
0x06AE	0x1D03      	BTFSS      STATUS, 2
0x06AF	0x2EB7      	GOTO       L_main82
;CLOCK.c,159 :: 		s2++;
0x06B0	0x0AED      	INCF       main_s2_L0, 1
0x06B1	0x1903      	BTFSC      STATUS, 2
0x06B2	0x0AEE      	INCF       main_s2_L0+1, 1
;CLOCK.c,160 :: 		s1=48;
0x06B3	0x3030      	MOVLW      48
0x06B4	0x00EB      	MOVWF      main_s1_L0
0x06B5	0x3000      	MOVLW      0
0x06B6	0x00EC      	MOVWF      main_s1_L0+1
;CLOCK.c,161 :: 		}
L_main82:
;CLOCK.c,162 :: 		if (s2 == 54)
0x06B7	0x3000      	MOVLW      0
0x06B8	0x066E      	XORWF      main_s2_L0+1, 0
0x06B9	0x1D03      	BTFSS      STATUS, 2
0x06BA	0x2EBD      	GOTO       L__main122
0x06BB	0x3036      	MOVLW      54
0x06BC	0x066D      	XORWF      main_s2_L0, 0
L__main122:
0x06BD	0x1D03      	BTFSS      STATUS, 2
0x06BE	0x2EC8      	GOTO       L_main83
;CLOCK.c,164 :: 		m1++;
0x06BF	0x1683      	BSF        STATUS, 5
0x06C0	0x0AD4      	INCF       main_m1_L0, 1
0x06C1	0x1903      	BTFSC      STATUS, 2
0x06C2	0x0AD5      	INCF       main_m1_L0+1, 1
;CLOCK.c,165 :: 		s2=48;
0x06C3	0x3030      	MOVLW      48
0x06C4	0x1283      	BCF        STATUS, 5
0x06C5	0x00ED      	MOVWF      main_s2_L0
0x06C6	0x3000      	MOVLW      0
0x06C7	0x00EE      	MOVWF      main_s2_L0+1
;CLOCK.c,166 :: 		}
L_main83:
;CLOCK.c,167 :: 		if (m1==58)
0x06C8	0x3000      	MOVLW      0
0x06C9	0x1683      	BSF        STATUS, 5
0x06CA	0x0655      	XORWF      main_m1_L0+1, 0
0x06CB	0x1D03      	BTFSS      STATUS, 2
0x06CC	0x2ECF      	GOTO       L__main123
0x06CD	0x303A      	MOVLW      58
0x06CE	0x0654      	XORWF      main_m1_L0, 0
L__main123:
0x06CF	0x1D03      	BTFSS      STATUS, 2
0x06D0	0x2ED8      	GOTO       L_main84
;CLOCK.c,169 :: 		m2++;
0x06D1	0x0AD6      	INCF       main_m2_L0, 1
0x06D2	0x1903      	BTFSC      STATUS, 2
0x06D3	0x0AD7      	INCF       main_m2_L0+1, 1
;CLOCK.c,170 :: 		m1 = 48;
0x06D4	0x3030      	MOVLW      48
0x06D5	0x00D4      	MOVWF      main_m1_L0
0x06D6	0x3000      	MOVLW      0
0x06D7	0x00D5      	MOVWF      main_m1_L0+1
;CLOCK.c,171 :: 		}
L_main84:
;CLOCK.c,172 :: 		if (m2 == 54)
0x06D8	0x3000      	MOVLW      0
0x06D9	0x0657      	XORWF      main_m2_L0+1, 0
0x06DA	0x1D03      	BTFSS      STATUS, 2
0x06DB	0x2EDE      	GOTO       L__main124
0x06DC	0x3036      	MOVLW      54
0x06DD	0x0656      	XORWF      main_m2_L0, 0
L__main124:
0x06DE	0x1D03      	BTFSS      STATUS, 2
0x06DF	0x2EE7      	GOTO       L_main85
;CLOCK.c,174 :: 		h1++;
0x06E0	0x0AD8      	INCF       main_h1_L0, 1
0x06E1	0x1903      	BTFSC      STATUS, 2
0x06E2	0x0AD9      	INCF       main_h1_L0+1, 1
;CLOCK.c,175 :: 		m2=48;
0x06E3	0x3030      	MOVLW      48
0x06E4	0x00D6      	MOVWF      main_m2_L0
0x06E5	0x3000      	MOVLW      0
0x06E6	0x00D7      	MOVWF      main_m2_L0+1
;CLOCK.c,176 :: 		}
L_main85:
;CLOCK.c,177 :: 		if (h1 == 58)
0x06E7	0x3000      	MOVLW      0
0x06E8	0x0659      	XORWF      main_h1_L0+1, 0
0x06E9	0x1D03      	BTFSS      STATUS, 2
0x06EA	0x2EED      	GOTO       L__main125
0x06EB	0x303A      	MOVLW      58
0x06EC	0x0658      	XORWF      main_h1_L0, 0
L__main125:
0x06ED	0x1D03      	BTFSS      STATUS, 2
0x06EE	0x2EF6      	GOTO       L_main86
;CLOCK.c,179 :: 		h2++;
0x06EF	0x0ADA      	INCF       main_h2_L0, 1
0x06F0	0x1903      	BTFSC      STATUS, 2
0x06F1	0x0ADB      	INCF       main_h2_L0+1, 1
;CLOCK.c,180 :: 		h1 = 48;
0x06F2	0x3030      	MOVLW      48
0x06F3	0x00D8      	MOVWF      main_h1_L0
0x06F4	0x3000      	MOVLW      0
0x06F5	0x00D9      	MOVWF      main_h1_L0+1
;CLOCK.c,181 :: 		}
L_main86:
;CLOCK.c,182 :: 		if (h2 == 50 && h1 == 52)
0x06F6	0x3000      	MOVLW      0
0x06F7	0x065B      	XORWF      main_h2_L0+1, 0
0x06F8	0x1D03      	BTFSS      STATUS, 2
0x06F9	0x2EFC      	GOTO       L__main126
0x06FA	0x3032      	MOVLW      50
0x06FB	0x065A      	XORWF      main_h2_L0, 0
L__main126:
0x06FC	0x1D03      	BTFSS      STATUS, 2
0x06FD	0x2F20      	GOTO       L_main89
0x06FE	0x3000      	MOVLW      0
0x06FF	0x0659      	XORWF      main_h1_L0+1, 0
0x0700	0x1D03      	BTFSS      STATUS, 2
0x0701	0x2F04      	GOTO       L__main127
0x0702	0x3034      	MOVLW      52
0x0703	0x0658      	XORWF      main_h1_L0, 0
L__main127:
0x0704	0x1D03      	BTFSS      STATUS, 2
0x0705	0x2F20      	GOTO       L_main89
L__main91:
;CLOCK.c,184 :: 		s1 = 48;
0x0706	0x3030      	MOVLW      48
0x0707	0x1283      	BCF        STATUS, 5
0x0708	0x00EB      	MOVWF      main_s1_L0
0x0709	0x3000      	MOVLW      0
0x070A	0x00EC      	MOVWF      main_s1_L0+1
;CLOCK.c,185 :: 		s2 = 48;
0x070B	0x3030      	MOVLW      48
0x070C	0x00ED      	MOVWF      main_s2_L0
0x070D	0x3000      	MOVLW      0
0x070E	0x00EE      	MOVWF      main_s2_L0+1
;CLOCK.c,186 :: 		m1 = 48;
0x070F	0x3030      	MOVLW      48
0x0710	0x1683      	BSF        STATUS, 5
0x0711	0x00D4      	MOVWF      main_m1_L0
0x0712	0x3000      	MOVLW      0
0x0713	0x00D5      	MOVWF      main_m1_L0+1
;CLOCK.c,187 :: 		m2 = 48;
0x0714	0x3030      	MOVLW      48
0x0715	0x00D6      	MOVWF      main_m2_L0
0x0716	0x3000      	MOVLW      0
0x0717	0x00D7      	MOVWF      main_m2_L0+1
;CLOCK.c,188 :: 		h1 = 48;
0x0718	0x3030      	MOVLW      48
0x0719	0x00D8      	MOVWF      main_h1_L0
0x071A	0x3000      	MOVLW      0
0x071B	0x00D9      	MOVWF      main_h1_L0+1
;CLOCK.c,189 :: 		h2 = 48;
0x071C	0x3030      	MOVLW      48
0x071D	0x00DA      	MOVWF      main_h2_L0
0x071E	0x3000      	MOVLW      0
0x071F	0x00DB      	MOVWF      main_h2_L0+1
;CLOCK.c,190 :: 		}
L_main89:
;CLOCK.c,191 :: 		delay_ms(1000);
0x0720	0x3006      	MOVLW      6
0x0721	0x00FB      	MOVWF      R11
0x0722	0x3013      	MOVLW      19
0x0723	0x00FC      	MOVWF      R12
0x0724	0x30AD      	MOVLW      173
0x0725	0x00FD      	MOVWF      R13
L_main90:
0x0726	0x0BFD      	DECFSZ     R13, 1
0x0727	0x2F26      	GOTO       L_main90
0x0728	0x0BFC      	DECFSZ     R12, 1
0x0729	0x2F26      	GOTO       L_main90
0x072A	0x0BFB      	DECFSZ     R11, 1
0x072B	0x2F26      	GOTO       L_main90
0x072C	0x0000      	NOP
0x072D	0x0000      	NOP
;CLOCK.c,192 :: 		}
0x072E	0x2E7E      	GOTO       L_main80
;CLOCK.c,193 :: 		}
L_end_main:
0x072F	0x2F2F      	GOTO       $+0
; end of _main
0x07A8	0x3020      	MOVLW      32
0x07A9	0x0084      	MOVWF      FSR
0x07AA	0x3046      	MOVLW      70
0x07AB	0x1283      	BCF        STATUS, 5
0x07AC	0x1303      	BCF        STATUS, 6
0x07AD	0x00F0      	MOVWF      R0
0x07AE	0x3035      	MOVLW      53
0x07AF	0x00E6      	MOVWF      ___DoICPAddr
0x07B0	0x3007      	MOVLW      7
0x07B1	0x00E7      	MOVWF      103
0x07B2	0x2146      	CALL       326
0x07B3	0x30A0      	MOVLW      160
0x07B4	0x0084      	MOVWF      FSR
0x07B5	0x302C      	MOVLW      44
0x07B6	0x1303      	BCF        STATUS, 6
0x07B7	0x00F0      	MOVWF      R0
0x07B8	0x307B      	MOVLW      123
0x07B9	0x00E6      	MOVWF      ___DoICPAddr
0x07BA	0x3007      	MOVLW      7
0x07BB	0x00E7      	MOVWF      103
0x07BC	0x2146      	CALL       326
0x07BD	0x0008      	RETURN
;CLOCK.c,0 :: ?ICS?lstr1_CLOCK
0x0735	0x3457 ;?ICS?lstr1_CLOCK+0
0x0736	0x3445 ;?ICS?lstr1_CLOCK+1
0x0737	0x344C ;?ICS?lstr1_CLOCK+2
0x0738	0x3443 ;?ICS?lstr1_CLOCK+3
0x0739	0x344F ;?ICS?lstr1_CLOCK+4
0x073A	0x344D ;?ICS?lstr1_CLOCK+5
0x073B	0x3445 ;?ICS?lstr1_CLOCK+6
0x073C	0x3400 ;?ICS?lstr1_CLOCK+7
; end of ?ICS?lstr1_CLOCK
;CLOCK.c,0 :: ?ICS?lstr8_CLOCK
0x073D	0x3450 ;?ICS?lstr8_CLOCK+0
0x073E	0x3455 ;?ICS?lstr8_CLOCK+1
0x073F	0x3454 ;?ICS?lstr8_CLOCK+2
0x0740	0x3420 ;?ICS?lstr8_CLOCK+3
0x0741	0x3454 ;?ICS?lstr8_CLOCK+4
0x0742	0x3448 ;?ICS?lstr8_CLOCK+5
0x0743	0x3445 ;?ICS?lstr8_CLOCK+6
0x0744	0x3420 ;?ICS?lstr8_CLOCK+7
0x0745	0x3454 ;?ICS?lstr8_CLOCK+8
0x0746	0x3449 ;?ICS?lstr8_CLOCK+9
0x0747	0x344D ;?ICS?lstr8_CLOCK+10
0x0748	0x3445 ;?ICS?lstr8_CLOCK+11
0x0749	0x343A ;?ICS?lstr8_CLOCK+12
0x074A	0x3400 ;?ICS?lstr8_CLOCK+13
; end of ?ICS?lstr8_CLOCK
;CLOCK.c,0 :: ?ICS?lstr7_CLOCK
0x074B	0x3441 ;?ICS?lstr7_CLOCK+0
0x074C	0x3452 ;?ICS?lstr7_CLOCK+1
0x074D	0x3446 ;?ICS?lstr7_CLOCK+2
0x074E	0x3441 ;?ICS?lstr7_CLOCK+3
0x074F	0x344F ;?ICS?lstr7_CLOCK+4
0x0750	0x3455 ;?ICS?lstr7_CLOCK+5
0x0751	0x3449 ;?ICS?lstr7_CLOCK+6
0x0752	0x3420 ;?ICS?lstr7_CLOCK+7
0x0753	0x3446 ;?ICS?lstr7_CLOCK+8
0x0754	0x344F ;?ICS?lstr7_CLOCK+9
0x0755	0x3455 ;?ICS?lstr7_CLOCK+10
0x0756	0x3445 ;?ICS?lstr7_CLOCK+11
0x0757	0x3444 ;?ICS?lstr7_CLOCK+12
0x0758	0x3400 ;?ICS?lstr7_CLOCK+13
; end of ?ICS?lstr7_CLOCK
;CLOCK.c,0 :: ?ICS?lstr9_CLOCK
0x0759	0x3448 ;?ICS?lstr9_CLOCK+0
0x075A	0x3448 ;?ICS?lstr9_CLOCK+1
0x075B	0x343A ;?ICS?lstr9_CLOCK+2
0x075C	0x344D ;?ICS?lstr9_CLOCK+3
0x075D	0x344D ;?ICS?lstr9_CLOCK+4
0x075E	0x3400 ;?ICS?lstr9_CLOCK+5
; end of ?ICS?lstr9_CLOCK
;CLOCK.c,0 :: ?ICS?lstr6_CLOCK
0x075F	0x3444 ;?ICS?lstr6_CLOCK+0
0x0760	0x344A ;?ICS?lstr6_CLOCK+1
0x0761	0x3445 ;?ICS?lstr6_CLOCK+2
0x0762	0x3442 ;?ICS?lstr6_CLOCK+3
0x0763	0x3442 ;?ICS?lstr6_CLOCK+4
0x0764	0x3449 ;?ICS?lstr6_CLOCK+5
0x0765	0x3420 ;?ICS?lstr6_CLOCK+6
0x0766	0x3446 ;?ICS?lstr6_CLOCK+7
0x0767	0x3449 ;?ICS?lstr6_CLOCK+8
0x0768	0x3452 ;?ICS?lstr6_CLOCK+9
0x0769	0x3441 ;?ICS?lstr6_CLOCK+10
0x076A	0x3453 ;?ICS?lstr6_CLOCK+11
0x076B	0x3400 ;?ICS?lstr6_CLOCK+12
; end of ?ICS?lstr6_CLOCK
;CLOCK.c,0 :: ?ICS?lstr2_CLOCK
0x076C	0x3454 ;?ICS?lstr2_CLOCK+0
0x076D	0x3448 ;?ICS?lstr2_CLOCK+1
0x076E	0x3449 ;?ICS?lstr2_CLOCK+2
0x076F	0x3453 ;?ICS?lstr2_CLOCK+3
0x0770	0x3420 ;?ICS?lstr2_CLOCK+4
0x0771	0x3443 ;?ICS?lstr2_CLOCK+5
0x0772	0x344C ;?ICS?lstr2_CLOCK+6
0x0773	0x344F ;?ICS?lstr2_CLOCK+7
0x0774	0x3443 ;?ICS?lstr2_CLOCK+8
0x0775	0x344B ;?ICS?lstr2_CLOCK+9
0x0776	0x3420 ;?ICS?lstr2_CLOCK+10
0x0777	0x3449 ;?ICS?lstr2_CLOCK+11
0x0778	0x3453 ;?ICS?lstr2_CLOCK+12
0x0779	0x3420 ;?ICS?lstr2_CLOCK+13
0x077A	0x3400 ;?ICS?lstr2_CLOCK+14
; end of ?ICS?lstr2_CLOCK
;CLOCK.c,0 :: ?ICS?lstr3_CLOCK
0x077B	0x3450 ;?ICS?lstr3_CLOCK+0
0x077C	0x3452 ;?ICS?lstr3_CLOCK+1
0x077D	0x344F ;?ICS?lstr3_CLOCK+2
0x077E	0x3447 ;?ICS?lstr3_CLOCK+3
0x077F	0x3452 ;?ICS?lstr3_CLOCK+4
0x0780	0x3441 ;?ICS?lstr3_CLOCK+5
0x0781	0x344D ;?ICS?lstr3_CLOCK+6
0x0782	0x3445 ;?ICS?lstr3_CLOCK+7
0x0783	0x3444 ;?ICS?lstr3_CLOCK+8
0x0784	0x3420 ;?ICS?lstr3_CLOCK+9
0x0785	0x3442 ;?ICS?lstr3_CLOCK+10
0x0786	0x3459 ;?ICS?lstr3_CLOCK+11
0x0787	0x343A ;?ICS?lstr3_CLOCK+12
0x0788	0x3400 ;?ICS?lstr3_CLOCK+13
; end of ?ICS?lstr3_CLOCK
;CLOCK.c,0 :: ?ICS?lstr5_CLOCK
0x0789	0x3450 ;?ICS?lstr5_CLOCK+0
0x078A	0x3452 ;?ICS?lstr5_CLOCK+1
0x078B	0x344F ;?ICS?lstr5_CLOCK+2
0x078C	0x3447 ;?ICS?lstr5_CLOCK+3
0x078D	0x3452 ;?ICS?lstr5_CLOCK+4
0x078E	0x3441 ;?ICS?lstr5_CLOCK+5
0x078F	0x344D ;?ICS?lstr5_CLOCK+6
0x0790	0x3445 ;?ICS?lstr5_CLOCK+7
0x0791	0x3444 ;?ICS?lstr5_CLOCK+8
0x0792	0x3420 ;?ICS?lstr5_CLOCK+9
0x0793	0x3442 ;?ICS?lstr5_CLOCK+10
0x0794	0x3459 ;?ICS?lstr5_CLOCK+11
0x0795	0x3420 ;?ICS?lstr5_CLOCK+12
0x0796	0x343A ;?ICS?lstr5_CLOCK+13
0x0797	0x3400 ;?ICS?lstr5_CLOCK+14
; end of ?ICS?lstr5_CLOCK
;CLOCK.c,0 :: ?ICS?lstr4_CLOCK
0x0798	0x3454 ;?ICS?lstr4_CLOCK+0
0x0799	0x3448 ;?ICS?lstr4_CLOCK+1
0x079A	0x3449 ;?ICS?lstr4_CLOCK+2
0x079B	0x3453 ;?ICS?lstr4_CLOCK+3
0x079C	0x3420 ;?ICS?lstr4_CLOCK+4
0x079D	0x3443 ;?ICS?lstr4_CLOCK+5
0x079E	0x344C ;?ICS?lstr4_CLOCK+6
0x079F	0x344F ;?ICS?lstr4_CLOCK+7
0x07A0	0x3443 ;?ICS?lstr4_CLOCK+8
0x07A1	0x344B ;?ICS?lstr4_CLOCK+9
0x07A2	0x3420 ;?ICS?lstr4_CLOCK+10
0x07A3	0x3449 ;?ICS?lstr4_CLOCK+11
0x07A4	0x3453 ;?ICS?lstr4_CLOCK+12
0x07A5	0x3420 ;?ICS?lstr4_CLOCK+13
0x07A6	0x3400 ;?ICS?lstr4_CLOCK+14
; end of ?ICS?lstr4_CLOCK
Symbol List:
//** Routines locations **
//ADDRESS    SIZE    PROCEDURE
//----------------------------------------------
0x0003       [2]    _Delay_1us
0x0005       [8]    _Delay_50us
0x000D      [11]    _Delay_5500us
0x0018      [87]    _Lcd_Cmd
0x006F       [7]    _Delay_10us
0x0076       [9]    _Lcd_Chr_CP
0x007F       [7]    _____DoICP
0x0086      [49]    _Keypad_Key_Press
0x00B7      [15]    _Keypad_Key_Click
0x00C6      [56]    _Lcd_Chr
0x00FE      [67]    _Lcd_Out
0x0141       [5]    _Keypad_Init
0x0146      [12]    ___CC2DW
0x0152      [78]    _Lcd_Init
0x01A0    [1423]    _main
//** Variables locations ** 
//ADDRESS    SIZE    VARIABLE
//----------------------------------------------
0x0000       [1]    INDF
0x0002       [1]    PCL
0x0003       [1]    STATUS
0x0004       [1]    FSR
0x0006       [0]    RB2_bit
0x0006       [0]    RB3_bit
0x0006       [0]    RB6_bit
0x0006       [0]    RB7_bit
0x0006       [0]    RB4_bit
0x0006       [0]    RB5_bit
0x0006       [0]    LCD_D5
0x0006       [0]    LCD_D4
0x0006       [0]    LCD_D7
0x0006       [0]    LCD_D6
0x0006       [0]    LCD_EN
0x0006       [0]    LCD_RS
0x0008       [1]    keypadPort
0x0008       [1]    PORTD
0x000A       [1]    PCLATH
0x0020       [8]    ?lstr1_CLOCK
0x0028      [14]    ?lstr8_CLOCK
0x0036      [14]    ?lstr7_CLOCK
0x0044       [6]    ?lstr9_CLOCK
0x004A      [13]    ?lstr6_CLOCK
0x0057      [15]    ?lstr2_CLOCK
0x0066       [2]    ___DoICPAddr
0x0068       [0]    __Lib_Lcd_cmd_status
0x0069       [2]    _kp
0x006B       [2]    main_s1_L0
0x006D       [2]    main_s2_L0
0x006F       [1]    FLOC__main
0x0070       [1]    R0
0x0071       [1]    R1
0x0072       [1]    R2
0x0073       [1]    R3
0x0074       [1]    R4
0x0075       [1]    R5
0x0076       [1]    R6
0x0077       [1]    R7
0x0078       [1]    R8
0x0079       [1]    R9
0x007A       [1]    R10
0x007B       [1]    R11
0x007C       [1]    R12
0x007D       [1]    R13
0x007E       [1]    R14
0x007F       [1]    R15
0x0086       [0]    TRISB5_bit
0x0086       [0]    LCD_D6_Direction
0x0086       [0]    LCD_RS_Direction
0x0086       [0]    LCD_D5_Direction
0x0086       [0]    LCD_D4_Direction
0x0086       [0]    LCD_EN_Direction
0x0086       [0]    LCD_D7_Direction
0x0086       [0]    TRISB2_bit
0x0086       [0]    TRISB3_bit
0x0086       [0]    TRISB4_bit
0x0086       [0]    TRISB7_bit
0x0086       [0]    TRISB6_bit
0x00A0      [14]    ?lstr3_CLOCK
0x00AE      [15]    ?lstr5_CLOCK
0x00BD      [15]    ?lstr4_CLOCK
0x00CC       [8]    main_time_L0
0x00D4       [2]    main_m1_L0
0x00D6       [2]    main_m2_L0
0x00D8       [2]    main_h1_L0
0x00DA       [2]    main_h2_L0
0x00DC       [2]    main_cr_L0
0x00DE       [2]    main_crr_L0
0x00E0       [2]    main_i_L0
0x00E2       [1]    Keypad_Key_Click_rslt_L0
0x00E2       [1]    FARG_Lcd_Out_row
0x00E2       [1]    FARG_Lcd_Chr_row
0x00E3       [1]    FARG_Lcd_Out_column
0x00E3       [1]    FARG_Lcd_Chr_column
0x00E4       [1]    FARG_Lcd_Out_text
0x00E4       [1]    FARG_Lcd_Chr_out_char
0x00E5       [1]    Lcd_Out_i_L0
0x00E6       [1]    FARG_Lcd_Chr_CP_out_char
0x00E6       [1]    Keypad_Key_Press_rslt_L0
0x00E7       [1]    Keypad_Key_Press_kdata_L0
0x00E8       [1]    Keypad_Key_Press_loc_L0
0x00E9       [1]    Keypad_Key_Press_rowcnt_L0
0x00EA       [1]    Keypad_Key_Press_shifter_L0
0x00EB       [1]    FARG_Lcd_Cmd_out_char
//** Constants locations ** 
//ADDRESS    SIZE    CONSTANT
//----------------------------------------------
0x0735       [8]    ?ICS?lstr1_CLOCK
0x073D      [14]    ?ICS?lstr8_CLOCK
0x074B      [14]    ?ICS?lstr7_CLOCK
0x0759       [6]    ?ICS?lstr9_CLOCK
0x075F      [13]    ?ICS?lstr6_CLOCK
0x076C      [15]    ?ICS?lstr2_CLOCK
0x077B      [14]    ?ICS?lstr3_CLOCK
0x0789      [15]    ?ICS?lstr5_CLOCK
0x0798      [15]    ?ICS?lstr4_CLOCK
